***********************************************************************
*
*	DYNAMIC LINK AND INDIRECT ALLOCATION LISTING FOR: M172P_1_PLC
*
***********************************************************************


***************************************************
	 FIRST CODE AREA
***************************************************

***************************************************
	 DATABLOCK PATCHES
***************************************************
*
* List of data blocks that will be checked run-time for consistency with
* their definition available at compile-time
*
*
*	REQUIREMENTS for DATA BLOCK %Q1
*		Process image: 0
*		Number of elements: 12
*		Data size (bytes): 1
0000	00 02 01 00 0C 00 00 00 01 00 00 00 

*
*	REQUIREMENTS for DATA BLOCK %M100
*		Process image: 0
*		Number of elements: 416
*		Data size (bytes): 2
000C	00 00 64 00 A0 01 00 00 02 00 00 00 

*
*	REQUIREMENTS for DATA BLOCK %I1
*		Process image: 1
*		Number of elements: 12
*		Data size (bytes): 2
0018	01 01 01 00 0C 00 00 00 02 00 00 00 

*
*	REQUIREMENTS for DATA BLOCK %M110
*		Process image: 0
*		Number of elements: 5000
*		Data size (bytes): 2
0024	00 00 6E 00 88 13 00 00 02 00 00 00 

*
*	REQUIREMENTS for DATA BLOCK %Q0
*		Process image: 0
*		Number of elements: 6
*		Data size (bytes): 2
0030	00 02 00 00 06 00 00 00 02 00 00 00 

*
*	REQUIREMENTS for DATA BLOCK %I0
*		Process image: 1
*		Number of elements: 12
*		Data size (bytes): 1
003C	01 01 00 00 0C 00 00 00 01 00 00 00 

*
* List of all references to data allocated on data blocks
* along with the whole information required by the run-time linker
*
*
*	1 REFERENCE(S) TO 16-BIT VAR AT BYTE #22 OF DATA BLOCK %I1
0000	00 00 01 00 16 00 00 00 01 02 01 00 

*		Instruction type: 0x00
*		Code offset: 0x0016C4
000C	C4 16 00 00 

*
*	1 REFERENCE(S) TO 16-BIT VAR AT BYTE #20 OF DATA BLOCK %I1
0010	00 00 01 00 14 00 00 00 01 02 01 00 

*		Instruction type: 0x00
*		Code offset: 0x0016C0
001C	C0 16 00 00 

*
*	1 REFERENCE(S) TO 8-BIT VAR AT BYTE #9 OF DATA BLOCK %Q1
0020	00 00 01 00 09 00 00 00 02 01 01 00 

*		Instruction type: 0x00
*		Code offset: 0x0014D4
002C	D4 14 00 00 

*
*	1 REFERENCE(S) TO 8-BIT VAR AT BYTE #0 OF DATA BLOCK %Q1
0030	AC 04 01 00 00 00 00 00 02 01 01 00 

*		Instruction type: 0x00
*		Code offset: 0x0014B0
003C	B0 14 00 00 

*
*	1 REFERENCE(S) TO 16-BIT VAR AT BYTE #4 OF DATA BLOCK %I1
0040	00 00 01 00 04 00 00 00 01 02 01 00 

*		Instruction type: 0x00
*		Code offset: 0x0016A0
004C	A0 16 00 00 

*
*	1 REFERENCE(S) TO 16-BIT VAR AT BYTE #0 OF DATA BLOCK %Q0
0050	32 04 00 00 00 00 00 00 02 02 01 00 

*		Instruction type: 0x00
*		Code offset: 0x0013BC
005C	BC 13 00 00 

*
*	1 REFERENCE(S) TO 16-BIT VAR AT BYTE #8 OF DATA BLOCK %M110
0060	00 00 6E 00 08 00 00 00 00 02 01 00 

*		Instruction type: 0x00
*		Code offset: 0x0011E0
006C	E0 11 00 00 

*
*	1 REFERENCE(S) TO 8-BIT VAR AT BYTE #1 OF DATA BLOCK %I0
0070	00 00 00 00 01 00 00 00 01 01 01 00 

*		Instruction type: 0x00
*		Code offset: 0x00166C
007C	6C 16 00 00 

*
*	1 REFERENCE(S) TO 8-BIT VAR AT BYTE #4 OF DATA BLOCK %I0
0080	00 00 00 00 04 00 00 00 01 01 01 00 

*		Instruction type: 0x00
*		Code offset: 0x001678
008C	78 16 00 00 

*
*	1 REFERENCE(S) TO 16-BIT VAR AT BYTE #386 OF DATA BLOCK %M100
0090	00 00 64 00 82 01 00 00 00 02 01 00 

*		Instruction type: 0x00
*		Code offset: 0x001714
009C	14 17 00 00 

*
*	1 REFERENCE(S) TO 16-BIT VAR AT BYTE #8 OF DATA BLOCK %I1
00A0	00 00 01 00 08 00 00 00 01 02 01 00 

*		Instruction type: 0x00
*		Code offset: 0x0016A8
00AC	A8 16 00 00 

*
*	1 REFERENCE(S) TO 8-BIT VAR AT BYTE #8 OF DATA BLOCK %Q1
00B0	00 00 01 00 08 00 00 00 02 01 01 00 

*		Instruction type: 0x00
*		Code offset: 0x0014D0
00BC	D0 14 00 00 

*
*	1 REFERENCE(S) TO 16-BIT VAR AT BYTE #4 OF DATA BLOCK %Q0
00C0	00 00 00 00 04 00 00 00 02 02 01 00 

*		Instruction type: 0x00
*		Code offset: 0x0013C4
00CC	C4 13 00 00 

*
*	1 REFERENCE(S) TO 16-BIT VAR AT BYTE #48 OF DATA BLOCK %M110
00D0	00 00 6E 00 30 00 00 00 00 02 01 00 

*		Instruction type: 0x00
*		Code offset: 0x0013A4
00DC	A4 13 00 00 

*
*	1 REFERENCE(S) TO 16-BIT VAR AT BYTE #46 OF DATA BLOCK %M110
00E0	00 00 6E 00 2E 00 00 00 00 02 01 00 

*		Instruction type: 0x00
*		Code offset: 0x001308
00EC	08 13 00 00 

*
*	1 REFERENCE(S) TO 16-BIT VAR AT BYTE #44 OF DATA BLOCK %M110
00F0	00 00 6E 00 2C 00 00 00 00 02 01 00 

*		Instruction type: 0x00
*		Code offset: 0x001304
00FC	04 13 00 00 

*
*	1 REFERENCE(S) TO 16-BIT VAR AT BYTE #42 OF DATA BLOCK %M110
0100	00 00 6E 00 2A 00 00 00 00 02 01 00 

*		Instruction type: 0x00
*		Code offset: 0x001300
010C	00 13 00 00 

*
*	1 REFERENCE(S) TO 16-BIT VAR AT BYTE #40 OF DATA BLOCK %M110
0110	00 00 6E 00 28 00 00 00 00 02 01 00 

*		Instruction type: 0x00
*		Code offset: 0x0012FC
011C	FC 12 00 00 

*
*	1 REFERENCE(S) TO 8-BIT VAR AT BYTE #7 OF DATA BLOCK %Q1
0120	00 00 01 00 07 00 00 00 02 01 01 00 

*		Instruction type: 0x00
*		Code offset: 0x0014CC
012C	CC 14 00 00 

*
*	1 REFERENCE(S) TO 8-BIT VAR AT BYTE #4 OF DATA BLOCK %Q1
0130	00 00 01 00 04 00 00 00 02 01 01 00 

*		Instruction type: 0x00
*		Code offset: 0x0014C0
013C	C0 14 00 00 

*
*	1 REFERENCE(S) TO 16-BIT VAR AT BYTE #68 OF DATA BLOCK %M110
0140	00 00 6E 00 44 00 00 00 00 02 01 00 

*		Instruction type: 0x00
*		Code offset: 0x001490
014C	90 14 00 00 

*
*	1 REFERENCE(S) TO 16-BIT VAR AT BYTE #66 OF DATA BLOCK %M110
0150	00 00 6E 00 42 00 00 00 00 02 01 00 

*		Instruction type: 0x00
*		Code offset: 0x00148C
015C	8C 14 00 00 

*
*	1 REFERENCE(S) TO 16-BIT VAR AT BYTE #64 OF DATA BLOCK %M110
0160	00 00 6E 00 40 00 00 00 00 02 01 00 

*		Instruction type: 0x00
*		Code offset: 0x001488
016C	88 14 00 00 

*
*	1 REFERENCE(S) TO 16-BIT VAR AT BYTE #62 OF DATA BLOCK %M110
0170	00 00 6E 00 3E 00 00 00 00 02 01 00 

*		Instruction type: 0x00
*		Code offset: 0x001484
017C	84 14 00 00 

*
*	1 REFERENCE(S) TO 16-BIT VAR AT BYTE #60 OF DATA BLOCK %M110
0180	00 00 6E 00 3C 00 00 00 00 02 01 00 

*		Instruction type: 0x00
*		Code offset: 0x001480
018C	80 14 00 00 

*
*	1 REFERENCE(S) TO 16-BIT VAR AT BYTE #2 OF DATA BLOCK %I1
0190	00 00 01 00 02 00 00 00 01 02 01 00 

*		Instruction type: 0x00
*		Code offset: 0x00169C
019C	9C 16 00 00 

*
*	1 REFERENCE(S) TO 16-BIT VAR AT BYTE #0 OF DATA BLOCK %I1
01A0	42 04 01 00 00 00 00 00 01 02 01 00 

*		Instruction type: 0x00
*		Code offset: 0x001698
01AC	98 16 00 00 

*
*	1 REFERENCE(S) TO 8-BIT VAR AT BYTE #9 OF DATA BLOCK %I0
01B0	00 00 00 00 09 00 00 00 01 01 01 00 

*		Instruction type: 0x00
*		Code offset: 0x00168C
01BC	8C 16 00 00 

*
*	1 REFERENCE(S) TO 8-BIT VAR AT BYTE #0 OF DATA BLOCK %I0
01C0	20 04 00 00 00 00 00 00 01 01 01 00 

*		Instruction type: 0x00
*		Code offset: 0x001668
01CC	68 16 00 00 

*
*	1 REFERENCE(S) TO 8-BIT VAR AT BYTE #3 OF DATA BLOCK %Q1
01D0	00 00 01 00 03 00 00 00 02 01 01 00 

*		Instruction type: 0x00
*		Code offset: 0x0014BC
01DC	BC 14 00 00 

*
*	1 REFERENCE(S) TO 16-BIT VAR AT BYTE #2 OF DATA BLOCK %M110
01E0	00 00 6E 00 02 00 00 00 00 02 01 00 

*		Instruction type: 0x00
*		Code offset: 0x0011D4
01EC	D4 11 00 00 

*
*	1 REFERENCE(S) TO 16-BIT VAR AT BYTE #6 OF DATA BLOCK %I1
01F0	00 00 01 00 06 00 00 00 01 02 01 00 

*		Instruction type: 0x00
*		Code offset: 0x0016A4
01FC	A4 16 00 00 

*
*	1 REFERENCE(S) TO 16-BIT VAR AT BYTE #82 OF DATA BLOCK %M110
0200	00 00 6E 00 52 00 00 00 00 02 01 00 

*		Instruction type: 0x00
*		Code offset: 0x0014AC
020C	AC 14 00 00 

*
*	1 REFERENCE(S) TO 16-BIT VAR AT BYTE #80 OF DATA BLOCK %M110
0210	00 00 6E 00 50 00 00 00 00 02 01 00 

*		Instruction type: 0x00
*		Code offset: 0x0014A8
021C	A8 14 00 00 

*
*	1 REFERENCE(S) TO 16-BIT VAR AT BYTE #8 OF DATA BLOCK %Q0
0220	00 00 00 00 08 00 00 00 02 02 01 00 

*		Instruction type: 0x00
*		Code offset: 0x0013CC
022C	CC 13 00 00 

*
*	1 REFERENCE(S) TO 8-BIT VAR AT BYTE #6 OF DATA BLOCK %Q1
0230	00 00 01 00 06 00 00 00 02 01 01 00 

*		Instruction type: 0x00
*		Code offset: 0x0014C8
023C	C8 14 00 00 

*
*	1 REFERENCE(S) TO 16-BIT VAR AT BYTE #2 OF DATA BLOCK %Q0
0240	00 00 00 00 02 00 00 00 02 02 01 00 

*		Instruction type: 0x00
*		Code offset: 0x0013C0
024C	C0 13 00 00 

*
*	1 REFERENCE(S) TO 16-BIT VAR AT BYTE #58 OF DATA BLOCK %M110
0250	00 00 6E 00 3A 00 00 00 00 02 01 00 

*		Instruction type: 0x00
*		Code offset: 0x0013B8
025C	B8 13 00 00 

*
*	1 REFERENCE(S) TO 16-BIT VAR AT BYTE #56 OF DATA BLOCK %M110
0260	00 00 6E 00 38 00 00 00 00 02 01 00 

*		Instruction type: 0x00
*		Code offset: 0x0013B4
026C	B4 13 00 00 

*
*	1 REFERENCE(S) TO 16-BIT VAR AT BYTE #54 OF DATA BLOCK %M110
0270	00 00 6E 00 36 00 00 00 00 02 01 00 

*		Instruction type: 0x00
*		Code offset: 0x0013B0
027C	B0 13 00 00 

*
*	1 REFERENCE(S) TO 16-BIT VAR AT BYTE #52 OF DATA BLOCK %M110
0280	00 00 6E 00 34 00 00 00 00 02 01 00 

*		Instruction type: 0x00
*		Code offset: 0x0013AC
028C	AC 13 00 00 

*
*	1 REFERENCE(S) TO 16-BIT VAR AT BYTE #50 OF DATA BLOCK %M110
0290	00 00 6E 00 32 00 00 00 00 02 01 00 

*		Instruction type: 0x00
*		Code offset: 0x0013A8
029C	A8 13 00 00 

*
*	1 REFERENCE(S) TO 16-BIT VAR AT BYTE #6 OF DATA BLOCK %M110
02A0	00 00 6E 00 06 00 00 00 00 02 01 00 

*		Instruction type: 0x00
*		Code offset: 0x0011DC
02AC	DC 11 00 00 

*
*	1 REFERENCE(S) TO 8-BIT VAR AT BYTE #11 OF DATA BLOCK %I0
02B0	00 00 00 00 0B 00 00 00 01 01 01 00 

*		Instruction type: 0x00
*		Code offset: 0x001694
02BC	94 16 00 00 

*
*	1 REFERENCE(S) TO 8-BIT VAR AT BYTE #10 OF DATA BLOCK %I0
02C0	00 00 00 00 0A 00 00 00 01 01 01 00 

*		Instruction type: 0x00
*		Code offset: 0x001690
02CC	90 16 00 00 

*
*	1 REFERENCE(S) TO 8-BIT VAR AT BYTE #8 OF DATA BLOCK %I0
02D0	00 00 00 00 08 00 00 00 01 01 01 00 

*		Instruction type: 0x00
*		Code offset: 0x001688
02DC	88 16 00 00 

*
*	1 REFERENCE(S) TO 8-BIT VAR AT BYTE #5 OF DATA BLOCK %Q1
02E0	00 00 01 00 05 00 00 00 02 01 01 00 

*		Instruction type: 0x00
*		Code offset: 0x0014C4
02EC	C4 14 00 00 

*
*	1 REFERENCE(S) TO 8-BIT VAR AT BYTE #2 OF DATA BLOCK %Q1
02F0	00 00 01 00 02 00 00 00 02 01 01 00 

*		Instruction type: 0x00
*		Code offset: 0x0014B8
02FC	B8 14 00 00 

*
*	1 REFERENCE(S) TO 16-BIT VAR AT BYTE #6 OF DATA BLOCK %Q0
0300	00 00 00 00 06 00 00 00 02 02 01 00 

*		Instruction type: 0x00
*		Code offset: 0x0013C8
030C	C8 13 00 00 

*
*	1 REFERENCE(S) TO 8-BIT VAR AT BYTE #7 OF DATA BLOCK %I0
0310	00 00 00 00 07 00 00 00 01 01 01 00 

*		Instruction type: 0x00
*		Code offset: 0x001684
031C	84 16 00 00 

*
*	1 REFERENCE(S) TO 16-BIT VAR AT BYTE #78 OF DATA BLOCK %M110
0320	00 00 6E 00 4E 00 00 00 00 02 01 00 

*		Instruction type: 0x00
*		Code offset: 0x0014A4
032C	A4 14 00 00 

*
*	1 REFERENCE(S) TO 16-BIT VAR AT BYTE #76 OF DATA BLOCK %M110
0330	00 00 6E 00 4C 00 00 00 00 02 01 00 

*		Instruction type: 0x00
*		Code offset: 0x0014A0
033C	A0 14 00 00 

*
*	1 REFERENCE(S) TO 16-BIT VAR AT BYTE #74 OF DATA BLOCK %M110
0340	00 00 6E 00 4A 00 00 00 00 02 01 00 

*		Instruction type: 0x00
*		Code offset: 0x00149C
034C	9C 14 00 00 

*
*	1 REFERENCE(S) TO 16-BIT VAR AT BYTE #72 OF DATA BLOCK %M110
0350	00 00 6E 00 48 00 00 00 00 02 01 00 

*		Instruction type: 0x00
*		Code offset: 0x001498
035C	98 14 00 00 

*
*	1 REFERENCE(S) TO 16-BIT VAR AT BYTE #70 OF DATA BLOCK %M110
0360	00 00 6E 00 46 00 00 00 00 02 01 00 

*		Instruction type: 0x00
*		Code offset: 0x001494
036C	94 14 00 00 

*
*	1 REFERENCE(S) TO 16-BIT VAR AT BYTE #38 OF DATA BLOCK %M110
0370	00 00 6E 00 26 00 00 00 00 02 01 00 

*		Instruction type: 0x00
*		Code offset: 0x0012F8
037C	F8 12 00 00 

*
*	1 REFERENCE(S) TO 16-BIT VAR AT BYTE #36 OF DATA BLOCK %M110
0380	00 00 6E 00 24 00 00 00 00 02 01 00 

*		Instruction type: 0x00
*		Code offset: 0x0012F4
038C	F4 12 00 00 

*
*	1 REFERENCE(S) TO 16-BIT VAR AT BYTE #34 OF DATA BLOCK %M110
0390	00 00 6E 00 22 00 00 00 00 02 01 00 

*		Instruction type: 0x00
*		Code offset: 0x0012F0
039C	F0 12 00 00 

*
*	1 REFERENCE(S) TO 16-BIT VAR AT BYTE #32 OF DATA BLOCK %M110
03A0	00 00 6E 00 20 00 00 00 00 02 01 00 

*		Instruction type: 0x00
*		Code offset: 0x0012EC
03AC	EC 12 00 00 

*
*	1 REFERENCE(S) TO 16-BIT VAR AT BYTE #30 OF DATA BLOCK %M110
03B0	00 00 6E 00 1E 00 00 00 00 02 01 00 

*		Instruction type: 0x00
*		Code offset: 0x0012E8
03BC	E8 12 00 00 

*
*	1 REFERENCE(S) TO 16-BIT VAR AT BYTE #28 OF DATA BLOCK %M110
03C0	00 00 6E 00 1C 00 00 00 00 02 01 00 

*		Instruction type: 0x00
*		Code offset: 0x0012E4
03CC	E4 12 00 00 

*
*	1 REFERENCE(S) TO 16-BIT VAR AT BYTE #26 OF DATA BLOCK %M110
03D0	00 00 6E 00 1A 00 00 00 00 02 01 00 

*		Instruction type: 0x00
*		Code offset: 0x0012E0
03DC	E0 12 00 00 

*
*	1 REFERENCE(S) TO 16-BIT VAR AT BYTE #24 OF DATA BLOCK %M110
03E0	00 00 6E 00 18 00 00 00 00 02 01 00 

*		Instruction type: 0x00
*		Code offset: 0x0012DC
03EC	DC 12 00 00 

*
*	1 REFERENCE(S) TO 16-BIT VAR AT BYTE #22 OF DATA BLOCK %M110
03F0	00 00 6E 00 16 00 00 00 00 02 01 00 

*		Instruction type: 0x00
*		Code offset: 0x0011FC
03FC	FC 11 00 00 

*
*	1 REFERENCE(S) TO 16-BIT VAR AT BYTE #20 OF DATA BLOCK %M110
0400	00 00 6E 00 14 00 00 00 00 02 01 00 

*		Instruction type: 0x00
*		Code offset: 0x0011F8
040C	F8 11 00 00 

*
*	1 REFERENCE(S) TO 8-BIT VAR AT BYTE #3 OF DATA BLOCK %I0
0410	00 00 00 00 03 00 00 00 01 01 01 00 

*		Instruction type: 0x00
*		Code offset: 0x001674
041C	74 16 00 00 

*
*	1 REFERENCE(S) TO 16-BIT VAR AT BYTE #10 OF DATA BLOCK %Q0
0420	00 00 00 00 0A 00 00 00 02 02 01 00 

*		Instruction type: 0x00
*		Code offset: 0x0013D0
042C	D0 13 00 00 

*
*	1 REFERENCE(S) TO 16-BIT VAR AT BYTE #18 OF DATA BLOCK %I1
0430	00 00 01 00 12 00 00 00 01 02 01 00 

*		Instruction type: 0x00
*		Code offset: 0x0016BC
043C	BC 16 00 00 

*
*	1 REFERENCE(S) TO 16-BIT VAR AT BYTE #16 OF DATA BLOCK %I1
0440	00 00 01 00 10 00 00 00 01 02 01 00 

*		Instruction type: 0x00
*		Code offset: 0x0016B8
044C	B8 16 00 00 

*
*	1 REFERENCE(S) TO 16-BIT VAR AT BYTE #14 OF DATA BLOCK %I1
0450	00 00 01 00 0E 00 00 00 01 02 01 00 

*		Instruction type: 0x00
*		Code offset: 0x0016B4
045C	B4 16 00 00 

*
*	1 REFERENCE(S) TO 16-BIT VAR AT BYTE #12 OF DATA BLOCK %I1
0460	00 00 01 00 0C 00 00 00 01 02 01 00 

*		Instruction type: 0x00
*		Code offset: 0x0016B0
046C	B0 16 00 00 

*
*	1 REFERENCE(S) TO 16-BIT VAR AT BYTE #10 OF DATA BLOCK %I1
0470	00 00 01 00 0A 00 00 00 01 02 01 00 

*		Instruction type: 0x00
*		Code offset: 0x0016AC
047C	AC 16 00 00 

*
*	1 REFERENCE(S) TO 8-BIT VAR AT BYTE #1 OF DATA BLOCK %Q1
0480	00 00 01 00 01 00 00 00 02 01 01 00 

*		Instruction type: 0x00
*		Code offset: 0x0014B4
048C	B4 14 00 00 

*
*	1 REFERENCE(S) TO 16-BIT VAR AT BYTE #0 OF DATA BLOCK %M110
0490	70 3E 6E 00 00 00 00 00 00 02 01 00 

*		Instruction type: 0x00
*		Code offset: 0x0011D0
049C	D0 11 00 00 

*
*	1 REFERENCE(S) TO 8-BIT VAR AT BYTE #6 OF DATA BLOCK %I0
04A0	00 00 00 00 06 00 00 00 01 01 01 00 

*		Instruction type: 0x00
*		Code offset: 0x001680
04AC	80 16 00 00 

*
*	1 REFERENCE(S) TO 8-BIT VAR AT BYTE #11 OF DATA BLOCK %Q1
04B0	00 00 01 00 0B 00 00 00 02 01 01 00 

*		Instruction type: 0x00
*		Code offset: 0x0014DC
04BC	DC 14 00 00 

*
*	1 REFERENCE(S) TO 8-BIT VAR AT BYTE #10 OF DATA BLOCK %Q1
04C0	00 00 01 00 0A 00 00 00 02 01 01 00 

*		Instruction type: 0x00
*		Code offset: 0x0014D8
04CC	D8 14 00 00 

*
*	1 REFERENCE(S) TO 16-BIT VAR AT BYTE #18 OF DATA BLOCK %M110
04D0	00 00 6E 00 12 00 00 00 00 02 01 00 

*		Instruction type: 0x00
*		Code offset: 0x0011F4
04DC	F4 11 00 00 

*
*	1 REFERENCE(S) TO 16-BIT VAR AT BYTE #16 OF DATA BLOCK %M110
04E0	00 00 6E 00 10 00 00 00 00 02 01 00 

*		Instruction type: 0x00
*		Code offset: 0x0011F0
04EC	F0 11 00 00 

*
*	1 REFERENCE(S) TO 16-BIT VAR AT BYTE #14 OF DATA BLOCK %M110
04F0	00 00 6E 00 0E 00 00 00 00 02 01 00 

*		Instruction type: 0x00
*		Code offset: 0x0011EC
04FC	EC 11 00 00 

*
*	1 REFERENCE(S) TO 16-BIT VAR AT BYTE #12 OF DATA BLOCK %M110
0500	00 00 6E 00 0C 00 00 00 00 02 01 00 

*		Instruction type: 0x00
*		Code offset: 0x0011E8
050C	E8 11 00 00 

*
*	1 REFERENCE(S) TO 16-BIT VAR AT BYTE #10 OF DATA BLOCK %M110
0510	00 00 6E 00 0A 00 00 00 00 02 01 00 

*		Instruction type: 0x00
*		Code offset: 0x0011E4
051C	E4 11 00 00 

*
*	1 REFERENCE(S) TO 16-BIT VAR AT BYTE #4 OF DATA BLOCK %M110
0520	00 00 6E 00 04 00 00 00 00 02 01 00 

*		Instruction type: 0x00
*		Code offset: 0x0011D8
052C	D8 11 00 00 

*
*	1 REFERENCE(S) TO 8-BIT VAR AT BYTE #5 OF DATA BLOCK %I0
0530	00 00 00 00 05 00 00 00 01 01 01 00 

*		Instruction type: 0x00
*		Code offset: 0x00167C
053C	7C 16 00 00 

*
*	1 REFERENCE(S) TO 8-BIT VAR AT BYTE #2 OF DATA BLOCK %I0
0540	00 00 00 00 02 00 00 00 01 01 01 00 

*		Instruction type: 0x00
*		Code offset: 0x001670
054C	70 16 00 00 


***************************************************
	 FUNCTION PATCHES
***************************************************

NAME: SYSDBASE_SETEXTTABLE  - NUM: 1
	 Patch - TYPE: 0x0 - CODE OFFSET: 0x0010D0
