***********************************************************************
*
*	DYNAMIC LINK AND INDIRECT ALLOCATION LISTING FOR: HVAC_Attempt_2
*
***********************************************************************


***************************************************
	 FIRST CODE AREA
***************************************************

***************************************************
	 DATABLOCK PATCHES
***************************************************
*
* List of data blocks that will be checked run-time for consistency with
* their definition available at compile-time
*
*
*	REQUIREMENTS for DATA BLOCK %M101
*		Process image: 0
*		Number of elements: 5000
*		Data size (bytes): 2
0000	00 00 65 00 88 13 00 00 02 00 00 00 

*
*	REQUIREMENTS for DATA BLOCK %Q1
*		Process image: 0
*		Number of elements: 12
*		Data size (bytes): 1
000C	00 02 01 00 0C 00 00 00 01 00 00 00 

*
*	REQUIREMENTS for DATA BLOCK %M100
*		Process image: 0
*		Number of elements: 416
*		Data size (bytes): 2
0018	00 00 64 00 A0 01 00 00 02 00 00 00 

*
*	REQUIREMENTS for DATA BLOCK %I1
*		Process image: 1
*		Number of elements: 12
*		Data size (bytes): 2
0024	01 01 01 00 0C 00 00 00 02 00 00 00 

*
*	REQUIREMENTS for DATA BLOCK %M110
*		Process image: 0
*		Number of elements: 5000
*		Data size (bytes): 2
0030	00 00 6E 00 88 13 00 00 02 00 00 00 

*
* List of all references to data allocated on data blocks
* along with the whole information required by the run-time linker
*
*
*	1 REFERENCE(S) TO 8-BIT VAR AT BYTE #0 OF DATA BLOCK %Q1
0000	AC 04 01 00 00 00 00 00 02 01 01 00 

*		Instruction type: 0x00
*		Code offset: 0x001F6C
000C	6C 1F 00 00 

*
*	1 REFERENCE(S) TO 16-BIT VAR AT BYTE #386 OF DATA BLOCK %M100
0010	00 00 64 00 82 01 00 00 00 02 01 00 

*		Instruction type: 0x00
*		Code offset: 0x001FE4
001C	E4 1F 00 00 

*
*	1 REFERENCE(S) TO 16-BIT VAR AT BYTE #2 OF DATA BLOCK %M101
0020	00 00 65 00 02 00 00 00 00 02 01 00 

*		Instruction type: 0x00
*		Code offset: 0x001F44
002C	44 1F 00 00 

*
*	1 REFERENCE(S) TO 16-BIT VAR AT BYTE #0 OF DATA BLOCK %I1
0030	42 04 01 00 00 00 00 00 01 02 01 00 

*		Instruction type: 0x00
*		Code offset: 0x001F88
003C	88 1F 00 00 

*
*	1 REFERENCE(S) TO 16-BIT VAR AT BYTE #0 OF DATA BLOCK %M101
0040	60 17 65 00 00 00 00 00 00 02 01 00 

*		Instruction type: 0x00
*		Code offset: 0x001F40
004C	40 1F 00 00 

*
*	1 REFERENCE(S) TO 8-BIT VAR AT BYTE #1 OF DATA BLOCK %Q1
0050	00 00 01 00 01 00 00 00 02 01 01 00 

*		Instruction type: 0x00
*		Code offset: 0x001F70
005C	70 1F 00 00 

*
*	1 REFERENCE(S) TO 16-BIT VAR AT BYTE #0 OF DATA BLOCK %M110
0060	70 3E 6E 00 00 00 00 00 00 02 01 00 

*		Instruction type: 0x00
*		Code offset: 0x001F48
006C	48 1F 00 00 


***************************************************
	 FUNCTION PATCHES
***************************************************

NAME: SYSDBASE_SETEXTTABLE  - NUM: 1
	 Patch - TYPE: 0x0 - CODE OFFSET: 0x001EA0
