***********************************************************************
*
*	CODE GENERATION LISTING FOR: M172P_1_PLC
*	COMPILER VERSION: 2.1.0
*
***********************************************************************

***********************************************************************
UNUSED FUNCTIONS:

	BITTOWORD
	BITTOBYTE
	BYTETOWORD
***********************************************************************

***********************************************************************
UNUSED FUNCTION BLOCKS:

	PULSE
	FF_D
	BYTETOBIT
	WORDTOBIT
	WORDTOBYTE
	CTD
	CTD_DINT
	CTD_UDINT
	CTU
	CTU_DINT
	CTU_UDINT
	CTUD
	CTUD_DINT
	CTUD_UDINT
	TOF
	TON
	TP
	SR
	RS
	R_TRIG
	F_TRIG
	DAYLIGHTSAVING
	OPERATINGHOURS
	PIDADVANCED
	PIDAUTOTUNING
	STEPCONTROLLERANALOG
	THREEPOINTACTUATOR
	AHUPLANTMODESTRATEGY
	AHUTEMPCNTRLSTRATEGY
	PSYCHROMETRIC
	COPCALCULATION
	COUNTER2ENERGY
	PULSE2COUNTER
	THERMALPOWERCALCULATION
	COMPALARMMGMT
	COMPAPPLIMIT
	COMPCNTRL_ONOFF
	COMPCNTRL_SLIDER
	COMPCNTRL_VS
	COMPMGMT
	DOUBLEINTERPO_5X8
	FANMGMT
	FLOATINGHIGHPRESCNTRL
	FLUID_DENSITY
	FLUID_ENTHALPY
	THERMALPOWER_ENTHALPY
	PRESS2TEMP
	TEMP2PRESS
	REDUNDANTPUMPCNTRL
	ATV12MODBUSCOM
	ATV212MODBUSCOM
	ATV21MODBUSCOM
	ATV312MODBUSCOM
	ATV31MODBUSCOM
	ATV32MODBUSCOM
	ATV61MODBUSCOM
	ATV71MODBUSCOM
	AUXPUMPCTRL
	CAVTPROT
	COMPSP
	COMPSPFLOW
	DEVSWCPUMPCTRL
	FSPUMPCTRL
	OPINTAUXPUMP
	OPINTPUMP
	OPPRTY
	PID_PARA_CHECK
	PIPEFILL
	PUMPAVAI
	PUMPFBCKMAPP
	PUMPPID
	PUMPPIDSTAG
	VSDAVAI
	VSDCTRL
	VSDNU
	VSPUMPCTRL
***********************************************************************

**************************************************
	CODE GENERATOR SUBROUTINES
**************************************************

$$MOD:
A1901060  FB90 F3F1		sdiv r3, r0, r1
A1901064  4359     		mul r1, r1, r3
A1901066  EBC1 0000		rsb r0, r1, r0
A190106A  4770     		bx lr

$$MOD_U:
A190106C  FBB0 F3F1		udiv r3, r0, r1
A1901070  4359     		mul r1, r1, r3
A1901072  EBC1 0000		rsb r0, r1, r0
A1901076  4770     		bx lr

**************************************************
	List program: INITPARDB
**************************************************

PROGRAM INITPARDB

	VAR
	WARNINGSKILLER : USINT; 
	DUMMYCRC32 : UDINT; 
	END_VAR

END_PROGRAM

A1901080  E92D 4DF0		stmdb sp!, { r4, r5, r6, r7, r8, r10, r11, lr }

#0		{SRC:INITPARDB}
#1
#2
#3
#4		{L:3}
(*) UDINT
A1901084  F8DF 7038		ldr r7, [pc, #+56] ; 0xA1901058
A1901088  6838     		ldr r0, [r7]
A190108A  F8DF 7038		ldr r7, [pc, #+56] ; 0xA1A00008
A190108E  6038     		str r0, [r7]

#5
#6
#7		{L:5}
(*) UDINT
A1901090  F8DF 0028		ldr r0, [pc, #+40] ; 0xA19000C0

#8		{L:5}
(*) DWORD
A1901094  F8DF 7034		ldr r7, [pc, #+52] ; 0xA1A0003C
A1901098  6038     		str r0, [r7]

#9		{L:5}
(*) UNDEF
A190109A  F8DF 7030		ldr r7, [pc, #+48] ; 0xA1A0003C
A190109E  6838     		ldr r0, [r7]

#10		{L:5}
(-) UDINT
A19010A0  212A     		mov r1, #42 ; 42
A19010A2  4600     		mov r0, r0
A19010A4  F8DF 4028		ldr r4, [pc, #+40] ; 0x11BD3
A19010A8  F044 0401		orr r4, r4, #1
A19010AC  47A0     		blx r4

#11		{L:5}
(*) USINT
A19010AE  F8DF 7018		ldr r7, [pc, #+24] ; 0xA1A00010
A19010B2  7038     		strb r0, [r7]

A19010B4  E8BD 4DF0		ldmia sp!, { r4, r5, r6, r7, r8, r10, r11, lr }

A19010B8  4770     		bx lr

A19010BC  A19000C0		; 0xA19000C0
A19010C0  A1901058		; 0xA1901058
A19010C4  A1A00008		; 0xA1A00008
A19010C8  A1A00010		; 0xA1A00010
A19010CC  A1A0003C		; 0xA1A0003C
A19010D0  FFFFFFFF		; 0x00011BD3

END_PROGRAM


**************************************************
	Target variable image generation
**************************************************


*** INPUT:
A19010D4  4770     		bx lr


*** OUTPUT:
A19010D6  4770     		bx lr



**************************************************
	Task SERV init code
**************************************************

A19010D8  E92D 4DF0		stmdb sp!, { r4, r5, r6, r7, r8, r10, r11, lr }

A19010DC  E8BD 4DF0		ldmia sp!, { r4, r5, r6, r7, r8, r10, r11, lr }

A19010E0  4770     		bx lr

**************************************************
	List program: MAIN
**************************************************

PROGRAM MAIN

END_PROGRAM

A19010F0  E92D 4DF0		stmdb sp!, { r4, r5, r6, r7, r8, r10, r11, lr }

#0		{SRC:MAIN}
#1
#2
#3
#4		{L:2}
(*) UNDEF
A19010F4  F8DF 7010		ldr r7, [pc, #+16] ; 0xA1A00012
A19010F8  F9B7 0000		ldrsh r0, [r7]

#5		{L:2}
(-) INT
A19010FC  1C40     		add r0, r0, #1

#6		{L:2}
(*) INT
A19010FE  F8DF 7008		ldr r7, [pc, #+8] ; 0xA1A00012
A1901102  8038     		strh r0, [r7]

A1901104  E001     		b #2

A1901108  A1A00012		; 0xA1A00012

END_PROGRAM
**************************************************
	List program: ANALOGINPUTPLCTOAP
**************************************************

PROGRAM ANALOGINPUTPLCTOAP

END_PROGRAM

#0		{SRC:ANALOGINPUTPLCTOAP}
#1
#2
#3
#4		{R:1$3}
(*) UNDEF
A190110C  F8DF 70F0		ldr r7, [pc, #+240] ; 0xA1A00014
A1901110  F9B7 0000		ldrsh r0, [r7]

#5		{R:1$4}
(*) INT
A1901114  F8DF 70B8		ldr r7, [pc, #+184] ; 0xA0003E70
A1901118  8038     		strh r0, [r7]

#6
(-) UNDEF
A190111A  2001     		mov r0, #1 ; 1

#7
#8
#9		{R:2$3}
(*) UNDEF
A190111C  F8DF 70E4		ldr r7, [pc, #+228] ; 0xA1A00016
A1901120  F9B7 0000		ldrsh r0, [r7]

#10		{R:2$4}
(*) INT
A1901124  F8DF 70AC		ldr r7, [pc, #+172] ; 0xA0003E72
A1901128  8038     		strh r0, [r7]

#11
(-) UNDEF
A190112A  2001     		mov r0, #1 ; 1

#12
#13
#14		{R:3$4}
(*) UNDEF
A190112C  F8DF 70D8		ldr r7, [pc, #+216] ; 0xA1A00018
A1901130  F9B7 0000		ldrsh r0, [r7]

#15		{R:3$5}
(*) INT
A1901134  F8DF 70A0		ldr r7, [pc, #+160] ; 0xA0003E74
A1901138  8038     		strh r0, [r7]

#16
(-) UNDEF
A190113A  2001     		mov r0, #1 ; 1

#17
#18
#19		{R:4$3}
(*) UNDEF
A190113C  F8DF 70CC		ldr r7, [pc, #+204] ; 0xA1A0001A
A1901140  F9B7 0000		ldrsh r0, [r7]

#20		{R:4$4}
(*) INT
A1901144  F8DF 7094		ldr r7, [pc, #+148] ; 0xA0003E76
A1901148  8038     		strh r0, [r7]

#21
(-) UNDEF
A190114A  2001     		mov r0, #1 ; 1

#22
#23
#24		{R:5$6}
(*) UNDEF
A190114C  F8DF 70C0		ldr r7, [pc, #+192] ; 0xA1A0001C
A1901150  F9B7 0000		ldrsh r0, [r7]

#25		{R:5$7}
(*) INT
A1901154  F8DF 7088		ldr r7, [pc, #+136] ; 0xA0003E78
A1901158  8038     		strh r0, [r7]

#26
(-) UNDEF
A190115A  2001     		mov r0, #1 ; 1

#27
#28
#29		{R:6$6}
(*) UNDEF
A190115C  F8DF 70B4		ldr r7, [pc, #+180] ; 0xA1A0001E
A1901160  F9B7 0000		ldrsh r0, [r7]

#30		{R:6$7}
(*) INT
A1901164  F8DF 707C		ldr r7, [pc, #+124] ; 0xA0003E7A
A1901168  8038     		strh r0, [r7]

#31
(-) UNDEF
A190116A  2001     		mov r0, #1 ; 1

#32
#33
#34		{R:7$3}
(*) UNDEF
A190116C  F8DF 70A8		ldr r7, [pc, #+168] ; 0xA1A00020
A1901170  F9B7 0000		ldrsh r0, [r7]

#35		{R:7$4}
(*) INT
A1901174  F8DF 7070		ldr r7, [pc, #+112] ; 0xA0003E7C
A1901178  8038     		strh r0, [r7]

#36
(-) UNDEF
A190117A  2001     		mov r0, #1 ; 1

#37
#38
#39		{R:8$3}
(*) UNDEF
A190117C  F8DF 709C		ldr r7, [pc, #+156] ; 0xA1A00022
A1901180  F9B7 0000		ldrsh r0, [r7]

#40		{R:8$4}
(*) INT
A1901184  F8DF 7064		ldr r7, [pc, #+100] ; 0xA0003E7E
A1901188  8038     		strh r0, [r7]

#41
(-) UNDEF
A190118A  2001     		mov r0, #1 ; 1

#42
#43
#44		{R:9$3}
(*) UNDEF
A190118C  F8DF 7090		ldr r7, [pc, #+144] ; 0xA1A00024
A1901190  F9B7 0000		ldrsh r0, [r7]

#45		{R:9$4}
(*) INT
A1901194  F8DF 7058		ldr r7, [pc, #+88] ; 0xA0003E80
A1901198  8038     		strh r0, [r7]

#46
(-) UNDEF
A190119A  2001     		mov r0, #1 ; 1

#47
#48
#49		{R:10$3}
(*) UNDEF
A190119C  F8DF 7084		ldr r7, [pc, #+132] ; 0xA1A00026
A19011A0  F9B7 0000		ldrsh r0, [r7]

#50		{R:10$4}
(*) INT
A19011A4  F8DF 704C		ldr r7, [pc, #+76] ; 0xA0003E82
A19011A8  8038     		strh r0, [r7]

#51
(-) UNDEF
A19011AA  2001     		mov r0, #1 ; 1

#52
#53
#54		{R:11$3}
(*) UNDEF
A19011AC  F8DF 7078		ldr r7, [pc, #+120] ; 0xA1A00028
A19011B0  F9B7 0000		ldrsh r0, [r7]

#55		{R:11$4}
(*) INT
A19011B4  F8DF 7040		ldr r7, [pc, #+64] ; 0xA0003E84
A19011B8  8038     		strh r0, [r7]

#56
(-) UNDEF
A19011BA  2001     		mov r0, #1 ; 1

#57
#58
#59		{R:12$3}
(*) UNDEF
A19011BC  F8DF 706C		ldr r7, [pc, #+108] ; 0xA1A0002A
A19011C0  F9B7 0000		ldrsh r0, [r7]

#60		{R:12$4}
(*) INT
A19011C4  F8DF 7034		ldr r7, [pc, #+52] ; 0xA0003E86
A19011C8  8038     		strh r0, [r7]

#61
(-) UNDEF
A19011CA  2001     		mov r0, #1 ; 1

A19011CC  E02F     		b #94

A19011D0  FFFFFFFF		; 0xA0003E70
A19011D4  FFFFFFFF		; 0xA0003E72
A19011D8  FFFFFFFF		; 0xA0003E74
A19011DC  FFFFFFFF		; 0xA0003E76
A19011E0  FFFFFFFF		; 0xA0003E78
A19011E4  FFFFFFFF		; 0xA0003E7A
A19011E8  FFFFFFFF		; 0xA0003E7C
A19011EC  FFFFFFFF		; 0xA0003E7E
A19011F0  FFFFFFFF		; 0xA0003E80
A19011F4  FFFFFFFF		; 0xA0003E82
A19011F8  FFFFFFFF		; 0xA0003E84
A19011FC  FFFFFFFF		; 0xA0003E86
A1901200  A1A00014		; 0xA1A00014
A1901204  A1A00016		; 0xA1A00016
A1901208  A1A00018		; 0xA1A00018
A190120C  A1A0001A		; 0xA1A0001A
A1901210  A1A0001C		; 0xA1A0001C
A1901214  A1A0001E		; 0xA1A0001E
A1901218  A1A00020		; 0xA1A00020
A190121C  A1A00022		; 0xA1A00022
A1901220  A1A00024		; 0xA1A00024
A1901224  A1A00026		; 0xA1A00026
A1901228  A1A00028		; 0xA1A00028
A190122C  A1A0002A		; 0xA1A0002A

END_PROGRAM
**************************************************
	List program: DIGITALINPUTPLCTOAP
**************************************************

PROGRAM DIGITALINPUTPLCTOAP

END_PROGRAM

#0		{SRC:DIGITALINPUTPLCTOAP}
#1
#2
#3
#4		{R:1$3}
(*) UNDEF
A1901230  F8DF 70D8		ldr r7, [pc, #+216] ; 0xA1A00011
A1901234  7838     		ldrb r0, [r7]

#5		{R:1$4}
(*) BOOL
A1901236  F8DF 70A4		ldr r7, [pc, #+164] ; 0xA0003E88
A190123A  8038     		strh r0, [r7]

#6
(-) UNDEF
A190123C  2001     		mov r0, #1 ; 1

#7
#8
#9		{R:2$3}
(*) UNDEF
A190123E  F8DF 70D0		ldr r7, [pc, #+208] ; 0xA1A0002C
A1901242  7838     		ldrb r0, [r7]

#10		{R:2$4}
(*) BOOL
A1901244  F8DF 7098		ldr r7, [pc, #+152] ; 0xA0003E8A
A1901248  8038     		strh r0, [r7]

#11
(-) UNDEF
A190124A  2001     		mov r0, #1 ; 1

#12
#13
#14		{R:3$4}
(*) UNDEF
A190124C  F8DF 70C4		ldr r7, [pc, #+196] ; 0xA1A0002D
A1901250  7838     		ldrb r0, [r7]

#15		{R:3$5}
(*) BOOL
A1901252  F8DF 7090		ldr r7, [pc, #+144] ; 0xA0003E8C
A1901256  8038     		strh r0, [r7]

#16
(-) UNDEF
A1901258  2001     		mov r0, #1 ; 1

#17
#18
#19		{R:4$3}
(*) UNDEF
A190125A  F8DF 70BC		ldr r7, [pc, #+188] ; 0xA1A0002E
A190125E  7838     		ldrb r0, [r7]

#20		{R:4$4}
(*) BOOL
A1901260  F8DF 7084		ldr r7, [pc, #+132] ; 0xA0003E8E
A1901264  8038     		strh r0, [r7]

#21
(-) UNDEF
A1901266  2001     		mov r0, #1 ; 1

#22
#23
#24		{R:5$6}
(*) UNDEF
A1901268  F8DF 70B0		ldr r7, [pc, #+176] ; 0xA1A0002F
A190126C  7838     		ldrb r0, [r7]

#25		{R:5$7}
(*) BOOL
A190126E  F8DF 707C		ldr r7, [pc, #+124] ; 0xA0003E90
A1901272  8038     		strh r0, [r7]

#26
(-) UNDEF
A1901274  2001     		mov r0, #1 ; 1

#27
#28
#29		{R:6$6}
(*) UNDEF
A1901276  F8DF 70A8		ldr r7, [pc, #+168] ; 0xA1A00030
A190127A  7838     		ldrb r0, [r7]

#30		{R:6$7}
(*) BOOL
A190127C  F8DF 7070		ldr r7, [pc, #+112] ; 0xA0003E92
A1901280  8038     		strh r0, [r7]

#31
(-) UNDEF
A1901282  2001     		mov r0, #1 ; 1

#32
#33
#34		{R:7$3}
(*) UNDEF
A1901284  F8DF 709C		ldr r7, [pc, #+156] ; 0xA1A00031
A1901288  7838     		ldrb r0, [r7]

#35		{R:7$4}
(*) BOOL
A190128A  F8DF 7068		ldr r7, [pc, #+104] ; 0xA0003E94
A190128E  8038     		strh r0, [r7]

#36
(-) UNDEF
A1901290  2001     		mov r0, #1 ; 1

#37
#38
#39		{R:8$3}
(*) UNDEF
A1901292  F8DF 7094		ldr r7, [pc, #+148] ; 0xA1A00032
A1901296  7838     		ldrb r0, [r7]

#40		{R:8$4}
(*) BOOL
A1901298  F8DF 705C		ldr r7, [pc, #+92] ; 0xA0003E96
A190129C  8038     		strh r0, [r7]

#41
(-) UNDEF
A190129E  2001     		mov r0, #1 ; 1

#42
#43
#44		{R:9$3}
(*) UNDEF
A19012A0  F8DF 7088		ldr r7, [pc, #+136] ; 0xA1A00033
A19012A4  7838     		ldrb r0, [r7]

#45		{R:9$4}
(*) BOOL
A19012A6  F8DF 7054		ldr r7, [pc, #+84] ; 0xA0003E98
A19012AA  8038     		strh r0, [r7]

#46
(-) UNDEF
A19012AC  2001     		mov r0, #1 ; 1

#47
#48
#49		{R:10$3}
(*) UNDEF
A19012AE  F8DF 7080		ldr r7, [pc, #+128] ; 0xA1A00034
A19012B2  7838     		ldrb r0, [r7]

#50		{R:10$4}
(*) BOOL
A19012B4  F8DF 7048		ldr r7, [pc, #+72] ; 0xA0003E9A
A19012B8  8038     		strh r0, [r7]

#51
(-) UNDEF
A19012BA  2001     		mov r0, #1 ; 1

#52
#53
#54		{R:11$3}
(*) UNDEF
A19012BC  F8DF 7074		ldr r7, [pc, #+116] ; 0xA1A00035
A19012C0  7838     		ldrb r0, [r7]

#55		{R:11$4}
(*) BOOL
A19012C2  F8DF 7040		ldr r7, [pc, #+64] ; 0xA0003E9C
A19012C6  8038     		strh r0, [r7]

#56
(-) UNDEF
A19012C8  2001     		mov r0, #1 ; 1

#57
#58
#59		{R:12$3}
(*) UNDEF
A19012CA  F8DF 706C		ldr r7, [pc, #+108] ; 0xA1A00036
A19012CE  7838     		ldrb r0, [r7]

#60		{R:12$4}
(*) BOOL
A19012D0  F8DF 7034		ldr r7, [pc, #+52] ; 0xA0003E9E
A19012D4  8038     		strh r0, [r7]

#61
(-) UNDEF
A19012D6  2001     		mov r0, #1 ; 1

A19012D8  E02F     		b #94

A19012DC  FFFFFFFF		; 0xA0003E88
A19012E0  FFFFFFFF		; 0xA0003E8A
A19012E4  FFFFFFFF		; 0xA0003E8C
A19012E8  FFFFFFFF		; 0xA0003E8E
A19012EC  FFFFFFFF		; 0xA0003E90
A19012F0  FFFFFFFF		; 0xA0003E92
A19012F4  FFFFFFFF		; 0xA0003E94
A19012F8  FFFFFFFF		; 0xA0003E96
A19012FC  FFFFFFFF		; 0xA0003E98
A1901300  FFFFFFFF		; 0xA0003E9A
A1901304  FFFFFFFF		; 0xA0003E9C
A1901308  FFFFFFFF		; 0xA0003E9E
A190130C  A1A00011		; 0xA1A00011
A1901310  A1A0002C		; 0xA1A0002C
A1901314  A1A0002D		; 0xA1A0002D
A1901318  A1A0002E		; 0xA1A0002E
A190131C  A1A0002F		; 0xA1A0002F
A1901320  A1A00030		; 0xA1A00030
A1901324  A1A00031		; 0xA1A00031
A1901328  A1A00032		; 0xA1A00032
A190132C  A1A00033		; 0xA1A00033
A1901330  A1A00034		; 0xA1A00034
A1901334  A1A00035		; 0xA1A00035
A1901338  A1A00036		; 0xA1A00036

END_PROGRAM
**************************************************
	List program: ANALOGOUTPUTPLCTOAP
**************************************************

PROGRAM ANALOGOUTPUTPLCTOAP

END_PROGRAM

#0		{SRC:ANALOGOUTPUTPLCTOAP}
#1
#2
#3
#4		{R:1$3}
(*) UNDEF
A190133C  F8DF 707C		ldr r7, [pc, #+124] ; 0x10000432
A1901340  F9B7 0000		ldrsh r0, [r7]

#5		{R:1$4}
(*) INT
A1901344  F8DF 705C		ldr r7, [pc, #+92] ; 0xA0003EA0
A1901348  8038     		strh r0, [r7]

#6
(-) UNDEF
A190134A  2001     		mov r0, #1 ; 1

#7
(-) BOOL
A190134C  2800     		cmp r0, #0
A190134E  D128     		bne #80 ; 0xA19013A2


#8
#9
#10		{R:2$3}
(*) UNDEF
A1901352  F8DF 706C		ldr r7, [pc, #+108] ; 0x10000434
A1901356  F9B7 0000		ldrsh r0, [r7]

#11		{R:2$4}
(*) INT
A190135A  F8DF 704C		ldr r7, [pc, #+76] ; 0xA0003EA2
A190135E  8038     		strh r0, [r7]

#12
(-) UNDEF
A1901360  2001     		mov r0, #1 ; 1

#13
#14
#15		{R:3$3}
(*) UNDEF
A1901362  F8DF 7060		ldr r7, [pc, #+96] ; 0x10000436
A1901366  F9B7 0000		ldrsh r0, [r7]

#16		{R:3$4}
(*) INT
A190136A  F8DF 7040		ldr r7, [pc, #+64] ; 0xA0003EA4
A190136E  8038     		strh r0, [r7]

#17
(-) UNDEF
A1901370  2001     		mov r0, #1 ; 1

#18
#19
#20		{R:4$3}
(*) UNDEF
A1901372  F8DF 7054		ldr r7, [pc, #+84] ; 0x10000438
A1901376  F9B7 0000		ldrsh r0, [r7]

#21		{R:4$4}
(*) INT
A190137A  F8DF 7034		ldr r7, [pc, #+52] ; 0xA0003EA6
A190137E  8038     		strh r0, [r7]

#22
(-) UNDEF
A1901380  2001     		mov r0, #1 ; 1

#23
#24
#25		{R:5$3}
(*) UNDEF
A1901382  F8DF 7048		ldr r7, [pc, #+72] ; 0x1000043A
A1901386  F9B7 0000		ldrsh r0, [r7]

#26		{R:5$4}
(*) INT
A190138A  F8DF 7028		ldr r7, [pc, #+40] ; 0xA0003EA8
A190138E  8038     		strh r0, [r7]

#27
(-) UNDEF
A1901390  2001     		mov r0, #1 ; 1

#28
#29
#30		{R:6$3}
(*) UNDEF
A1901392  F8DF 703C		ldr r7, [pc, #+60] ; 0x1000043C
A1901396  F9B7 0000		ldrsh r0, [r7]

#31		{R:6$4}
(*) INT
A190139A  F8DF 701C		ldr r7, [pc, #+28] ; 0xA0003EAA
A190139E  8038     		strh r0, [r7]

#32
(-) UNDEF
A19013A0  2001     		mov r0, #1 ; 1

A19013A2  E017     		b #46

A19013A4  FFFFFFFF		; 0xA0003EA0
A19013A8  FFFFFFFF		; 0xA0003EA2
A19013AC  FFFFFFFF		; 0xA0003EA4
A19013B0  FFFFFFFF		; 0xA0003EA6
A19013B4  FFFFFFFF		; 0xA0003EA8
A19013B8  FFFFFFFF		; 0xA0003EAA
A19013BC  FFFFFFFF		; 0x10000432
A19013C0  FFFFFFFF		; 0x10000434
A19013C4  FFFFFFFF		; 0x10000436
A19013C8  FFFFFFFF		; 0x10000438
A19013CC  FFFFFFFF		; 0x1000043A
A19013D0  FFFFFFFF		; 0x1000043C

END_PROGRAM
**************************************************
	List program: DIGITALOUTPUTPLCTOAP
**************************************************

PROGRAM DIGITALOUTPUTPLCTOAP

END_PROGRAM

#0		{SRC:DIGITALOUTPUTPLCTOAP}
#1
#2
#3
#4		{R:1$3}
(*) UNDEF
A19013D4  F8DF 70D8		ldr r7, [pc, #+216] ; 0x100004AC
A19013D8  7838     		ldrb r0, [r7]

#5		{R:1$4}
(*) BOOL
A19013DA  F8DF 70A4		ldr r7, [pc, #+164] ; 0xA0003EAC
A19013DE  8038     		strh r0, [r7]

#6
(-) UNDEF
A19013E0  2001     		mov r0, #1 ; 1

#7
#8
#9		{R:2$3}
(*) UNDEF
A19013E2  F8DF 70D0		ldr r7, [pc, #+208] ; 0x100004AD
A19013E6  7838     		ldrb r0, [r7]

#10		{R:2$4}
(*) BOOL
A19013E8  F8DF 7098		ldr r7, [pc, #+152] ; 0xA0003EAE
A19013EC  8038     		strh r0, [r7]

#11
(-) UNDEF
A19013EE  2001     		mov r0, #1 ; 1

#12
#13
#14		{R:3$4}
(*) UNDEF
A19013F0  F8DF 70C4		ldr r7, [pc, #+196] ; 0x100004AE
A19013F4  7838     		ldrb r0, [r7]

#15		{R:3$5}
(*) BOOL
A19013F6  F8DF 7090		ldr r7, [pc, #+144] ; 0xA0003EB0
A19013FA  8038     		strh r0, [r7]

#16
(-) UNDEF
A19013FC  2001     		mov r0, #1 ; 1

#17
#18
#19		{R:4$3}
(*) UNDEF
A19013FE  F8DF 70BC		ldr r7, [pc, #+188] ; 0x100004AF
A1901402  7838     		ldrb r0, [r7]

#20		{R:4$4}
(*) BOOL
A1901404  F8DF 7084		ldr r7, [pc, #+132] ; 0xA0003EB2
A1901408  8038     		strh r0, [r7]

#21
(-) UNDEF
A190140A  2001     		mov r0, #1 ; 1

#22
#23
#24		{R:5$6}
(*) UNDEF
A190140C  F8DF 70B0		ldr r7, [pc, #+176] ; 0x100004B0
A1901410  7838     		ldrb r0, [r7]

#25		{R:5$7}
(*) BOOL
A1901412  F8DF 707C		ldr r7, [pc, #+124] ; 0xA0003EB4
A1901416  8038     		strh r0, [r7]

#26
(-) UNDEF
A1901418  2001     		mov r0, #1 ; 1

#27
#28
#29		{R:6$6}
(*) UNDEF
A190141A  F8DF 70A8		ldr r7, [pc, #+168] ; 0x100004B1
A190141E  7838     		ldrb r0, [r7]

#30		{R:6$7}
(*) BOOL
A1901420  F8DF 7070		ldr r7, [pc, #+112] ; 0xA0003EB6
A1901424  8038     		strh r0, [r7]

#31
(-) UNDEF
A1901426  2001     		mov r0, #1 ; 1

#32
#33
#34		{R:7$3}
(*) UNDEF
A1901428  F8DF 709C		ldr r7, [pc, #+156] ; 0x100004B2
A190142C  7838     		ldrb r0, [r7]

#35		{R:7$4}
(*) BOOL
A190142E  F8DF 7068		ldr r7, [pc, #+104] ; 0xA0003EB8
A1901432  8038     		strh r0, [r7]

#36
(-) UNDEF
A1901434  2001     		mov r0, #1 ; 1

#37
#38
#39		{R:8$3}
(*) UNDEF
A1901436  F8DF 7094		ldr r7, [pc, #+148] ; 0x100004B3
A190143A  7838     		ldrb r0, [r7]

#40		{R:8$4}
(*) BOOL
A190143C  F8DF 705C		ldr r7, [pc, #+92] ; 0xA0003EBA
A1901440  8038     		strh r0, [r7]

#41
(-) UNDEF
A1901442  2001     		mov r0, #1 ; 1

#42
#43
#44		{R:9$3}
(*) UNDEF
A1901444  F8DF 7088		ldr r7, [pc, #+136] ; 0x100004B4
A1901448  7838     		ldrb r0, [r7]

#45		{R:9$4}
(*) BOOL
A190144A  F8DF 7054		ldr r7, [pc, #+84] ; 0xA0003EBC
A190144E  8038     		strh r0, [r7]

#46
(-) UNDEF
A1901450  2001     		mov r0, #1 ; 1

#47
#48
#49		{R:10$3}
(*) UNDEF
A1901452  F8DF 7080		ldr r7, [pc, #+128] ; 0x100004B5
A1901456  7838     		ldrb r0, [r7]

#50		{R:10$4}
(*) BOOL
A1901458  F8DF 7048		ldr r7, [pc, #+72] ; 0xA0003EBE
A190145C  8038     		strh r0, [r7]

#51
(-) UNDEF
A190145E  2001     		mov r0, #1 ; 1

#52
#53
#54		{R:11$3}
(*) UNDEF
A1901460  F8DF 7074		ldr r7, [pc, #+116] ; 0x100004B6
A1901464  7838     		ldrb r0, [r7]

#55		{R:11$4}
(*) BOOL
A1901466  F8DF 7040		ldr r7, [pc, #+64] ; 0xA0003EC0
A190146A  8038     		strh r0, [r7]

#56
(-) UNDEF
A190146C  2001     		mov r0, #1 ; 1

#57
#58
#59		{R:12$3}
(*) UNDEF
A190146E  F8DF 706C		ldr r7, [pc, #+108] ; 0x100004B7
A1901472  7838     		ldrb r0, [r7]

#60		{R:12$4}
(*) BOOL
A1901474  F8DF 7034		ldr r7, [pc, #+52] ; 0xA0003EC2
A1901478  8038     		strh r0, [r7]

#61
(-) UNDEF
A190147A  2001     		mov r0, #1 ; 1

A190147C  E02F     		b #94

A1901480  FFFFFFFF		; 0xA0003EAC
A1901484  FFFFFFFF		; 0xA0003EAE
A1901488  FFFFFFFF		; 0xA0003EB0
A190148C  FFFFFFFF		; 0xA0003EB2
A1901490  FFFFFFFF		; 0xA0003EB4
A1901494  FFFFFFFF		; 0xA0003EB6
A1901498  FFFFFFFF		; 0xA0003EB8
A190149C  FFFFFFFF		; 0xA0003EBA
A19014A0  FFFFFFFF		; 0xA0003EBC
A19014A4  FFFFFFFF		; 0xA0003EBE
A19014A8  FFFFFFFF		; 0xA0003EC0
A19014AC  FFFFFFFF		; 0xA0003EC2
A19014B0  FFFFFFFF		; 0x100004AC
A19014B4  FFFFFFFF		; 0x100004AD
A19014B8  FFFFFFFF		; 0x100004AE
A19014BC  FFFFFFFF		; 0x100004AF
A19014C0  FFFFFFFF		; 0x100004B0
A19014C4  FFFFFFFF		; 0x100004B1
A19014C8  FFFFFFFF		; 0x100004B2
A19014CC  FFFFFFFF		; 0x100004B3
A19014D0  FFFFFFFF		; 0x100004B4
A19014D4  FFFFFFFF		; 0x100004B5
A19014D8  FFFFFFFF		; 0x100004B6
A19014DC  FFFFFFFF		; 0x100004B7

END_PROGRAM
**************************************************
	List program: AP_REGISTERS
**************************************************

PROGRAM AP_REGISTERS

END_PROGRAM

A19014E0  E8BD 4DF0		ldmia sp!, { r4, r5, r6, r7, r8, r10, r11, lr }

A19014E4  4770     		bx lr

END_PROGRAM


**************************************************
	Target variable image generation
**************************************************


*** INPUT:
A19014E6  F8DF 71B0		ldr r7, [pc, #+432] ; 0x10000442
A19014EA  8838     		ldrh r0, [r7]
A19014EC  F8DF 711C		ldr r7, [pc, #+284] ; 0xA1A00014
A19014F0  8038     		strh r0, [r7]

A19014F2  F8DF 71A8		ldr r7, [pc, #+424] ; 0x10000444
A19014F6  8838     		ldrh r0, [r7]
A19014F8  F8DF 7114		ldr r7, [pc, #+276] ; 0xA1A00016
A19014FC  8038     		strh r0, [r7]

A19014FE  F8DF 71A0		ldr r7, [pc, #+416] ; 0x10000446
A1901502  8838     		ldrh r0, [r7]
A1901504  F8DF 710C		ldr r7, [pc, #+268] ; 0xA1A00018
A1901508  8038     		strh r0, [r7]

A190150A  F8DF 7198		ldr r7, [pc, #+408] ; 0x10000448
A190150E  8838     		ldrh r0, [r7]
A1901510  F8DF 7104		ldr r7, [pc, #+260] ; 0xA1A0001A
A1901514  8038     		strh r0, [r7]

A1901516  F8DF 7190		ldr r7, [pc, #+400] ; 0x1000044A
A190151A  8838     		ldrh r0, [r7]
A190151C  F8DF 70FC		ldr r7, [pc, #+252] ; 0xA1A0001C
A1901520  8038     		strh r0, [r7]

A1901522  F8DF 7188		ldr r7, [pc, #+392] ; 0x1000044C
A1901526  8838     		ldrh r0, [r7]
A1901528  F8DF 70F4		ldr r7, [pc, #+244] ; 0xA1A0001E
A190152C  8038     		strh r0, [r7]

A190152E  F8DF 7180		ldr r7, [pc, #+384] ; 0x1000044E
A1901532  8838     		ldrh r0, [r7]
A1901534  F8DF 70EC		ldr r7, [pc, #+236] ; 0xA1A00020
A1901538  8038     		strh r0, [r7]

A190153A  F8DF 7178		ldr r7, [pc, #+376] ; 0x10000450
A190153E  8838     		ldrh r0, [r7]
A1901540  F8DF 70E4		ldr r7, [pc, #+228] ; 0xA1A00022
A1901544  8038     		strh r0, [r7]

A1901546  F8DF 7170		ldr r7, [pc, #+368] ; 0x10000452
A190154A  8838     		ldrh r0, [r7]
A190154C  F8DF 70DC		ldr r7, [pc, #+220] ; 0xA1A00024
A1901550  8038     		strh r0, [r7]

A1901552  F8DF 7168		ldr r7, [pc, #+360] ; 0x10000454
A1901556  8838     		ldrh r0, [r7]
A1901558  F8DF 70D4		ldr r7, [pc, #+212] ; 0xA1A00026
A190155C  8038     		strh r0, [r7]

A190155E  F8DF 7160		ldr r7, [pc, #+352] ; 0x10000456
A1901562  8838     		ldrh r0, [r7]
A1901564  F8DF 70CC		ldr r7, [pc, #+204] ; 0xA1A00028
A1901568  8038     		strh r0, [r7]

A190156A  F8DF 7158		ldr r7, [pc, #+344] ; 0x10000458
A190156E  8838     		ldrh r0, [r7]
A1901570  F8DF 70C4		ldr r7, [pc, #+196] ; 0xA1A0002A
A1901574  8038     		strh r0, [r7]

A1901576  F8DF 70F0		ldr r7, [pc, #+240] ; 0x10000420
A190157A  7838     		ldrb r0, [r7]
A190157C  F8DF 7088		ldr r7, [pc, #+136] ; 0xA1A00011
A1901580  7038     		strb r0, [r7]

A1901582  F8DF 70E8		ldr r7, [pc, #+232] ; 0x10000421
A1901586  7838     		ldrb r0, [r7]
A1901588  F8DF 70B0		ldr r7, [pc, #+176] ; 0xA1A0002C
A190158C  7038     		strb r0, [r7]

A190158E  F8DF 70E0		ldr r7, [pc, #+224] ; 0x10000422
A1901592  7838     		ldrb r0, [r7]
A1901594  F8DF 70A8		ldr r7, [pc, #+168] ; 0xA1A0002D
A1901598  7038     		strb r0, [r7]

A190159A  F8DF 70D8		ldr r7, [pc, #+216] ; 0x10000423
A190159E  7838     		ldrb r0, [r7]
A19015A0  F8DF 70A0		ldr r7, [pc, #+160] ; 0xA1A0002E
A19015A4  7038     		strb r0, [r7]

A19015A6  F8DF 70D0		ldr r7, [pc, #+208] ; 0x10000424
A19015AA  7838     		ldrb r0, [r7]
A19015AC  F8DF 7098		ldr r7, [pc, #+152] ; 0xA1A0002F
A19015B0  7038     		strb r0, [r7]

A19015B2  F8DF 70C8		ldr r7, [pc, #+200] ; 0x10000425
A19015B6  7838     		ldrb r0, [r7]
A19015B8  F8DF 7090		ldr r7, [pc, #+144] ; 0xA1A00030
A19015BC  7038     		strb r0, [r7]

A19015BE  F8DF 70C0		ldr r7, [pc, #+192] ; 0x10000426
A19015C2  7838     		ldrb r0, [r7]
A19015C4  F8DF 7088		ldr r7, [pc, #+136] ; 0xA1A00031
A19015C8  7038     		strb r0, [r7]

A19015CA  F8DF 70B8		ldr r7, [pc, #+184] ; 0x10000427
A19015CE  7838     		ldrb r0, [r7]
A19015D0  F8DF 7080		ldr r7, [pc, #+128] ; 0xA1A00032
A19015D4  7038     		strb r0, [r7]

A19015D6  F8DF 70B0		ldr r7, [pc, #+176] ; 0x10000428
A19015DA  7838     		ldrb r0, [r7]
A19015DC  F8DF 7078		ldr r7, [pc, #+120] ; 0xA1A00033
A19015E0  7038     		strb r0, [r7]

A19015E2  F8DF 70A8		ldr r7, [pc, #+168] ; 0x10000429
A19015E6  7838     		ldrb r0, [r7]
A19015E8  F8DF 7070		ldr r7, [pc, #+112] ; 0xA1A00034
A19015EC  7038     		strb r0, [r7]

A19015EE  F8DF 70A0		ldr r7, [pc, #+160] ; 0x1000042A
A19015F2  7838     		ldrb r0, [r7]
A19015F4  F8DF 7068		ldr r7, [pc, #+104] ; 0xA1A00035
A19015F8  7038     		strb r0, [r7]

A19015FA  F8DF 7098		ldr r7, [pc, #+152] ; 0x1000042B
A19015FE  7838     		ldrb r0, [r7]
A1901600  F8DF 7060		ldr r7, [pc, #+96] ; 0xA1A00036
A1901604  7038     		strb r0, [r7]

A1901606  4770     		bx lr

A1901608  A1A00011		; 0xA1A00011
A190160C  A1A00014		; 0xA1A00014
A1901610  A1A00016		; 0xA1A00016
A1901614  A1A00018		; 0xA1A00018
A1901618  A1A0001A		; 0xA1A0001A
A190161C  A1A0001C		; 0xA1A0001C
A1901620  A1A0001E		; 0xA1A0001E
A1901624  A1A00020		; 0xA1A00020
A1901628  A1A00022		; 0xA1A00022
A190162C  A1A00024		; 0xA1A00024
A1901630  A1A00026		; 0xA1A00026
A1901634  A1A00028		; 0xA1A00028
A1901638  A1A0002A		; 0xA1A0002A
A190163C  A1A0002C		; 0xA1A0002C
A1901640  A1A0002D		; 0xA1A0002D
A1901644  A1A0002E		; 0xA1A0002E
A1901648  A1A0002F		; 0xA1A0002F
A190164C  A1A00030		; 0xA1A00030
A1901650  A1A00031		; 0xA1A00031
A1901654  A1A00032		; 0xA1A00032
A1901658  A1A00033		; 0xA1A00033
A190165C  A1A00034		; 0xA1A00034
A1901660  A1A00035		; 0xA1A00035
A1901664  A1A00036		; 0xA1A00036
A1901668  FFFFFFFF		; 0x10000420
A190166C  FFFFFFFF		; 0x10000421
A1901670  FFFFFFFF		; 0x10000422
A1901674  FFFFFFFF		; 0x10000423
A1901678  FFFFFFFF		; 0x10000424
A190167C  FFFFFFFF		; 0x10000425
A1901680  FFFFFFFF		; 0x10000426
A1901684  FFFFFFFF		; 0x10000427
A1901688  FFFFFFFF		; 0x10000428
A190168C  FFFFFFFF		; 0x10000429
A1901690  FFFFFFFF		; 0x1000042A
A1901694  FFFFFFFF		; 0x1000042B
A1901698  FFFFFFFF		; 0x10000442
A190169C  FFFFFFFF		; 0x10000444
A19016A0  FFFFFFFF		; 0x10000446
A19016A4  FFFFFFFF		; 0x10000448
A19016A8  FFFFFFFF		; 0x1000044A
A19016AC  FFFFFFFF		; 0x1000044C
A19016B0  FFFFFFFF		; 0x1000044E
A19016B4  FFFFFFFF		; 0x10000450
A19016B8  FFFFFFFF		; 0x10000452
A19016BC  FFFFFFFF		; 0x10000454
A19016C0  FFFFFFFF		; 0x10000456
A19016C4  FFFFFFFF		; 0x10000458


*** OUTPUT:
A19016C8  4770     		bx lr



**************************************************
	Task BACKGROUND init code
**************************************************

A19016CA  E92D 4DF0		stmdb sp!, { r4, r5, r6, r7, r8, r10, r11, lr }

A19016CE  E8BD 4DF0		ldmia sp!, { r4, r5, r6, r7, r8, r10, r11, lr }

A19016D2  4770     		bx lr

**************************************************
	List program: PARCHECK
**************************************************

PROGRAM PARCHECK

END_PROGRAM

A19016E0  E92D 4DF0		stmdb sp!, { r4, r5, r6, r7, r8, r10, r11, lr }

#0		{SRC:PARCHECK}
#1
#2
#3
#4
#5		{L:2}
(*) UNDEF
A19016E4  F8DF 702C		ldr r7, [pc, #+44] ; 0x10000182
A19016E8  8838     		ldrh r0, [r7]

#6		{L:2}
(*) UINT
A19016EA  F44F 477C		mov r7, #64512 ; 64512
A19016EE  4038     		and r0, r0, r7

#7		{L:2}
(*) UINT
A19016F0  F44F 6700		mov r7, #2048 ; 2048
A19016F4  42B8     		cmp r0, r7
A19016F6  BF08 2000		eqmov r0, #0
A19016FA  BF18 2001		nemov r0, #1

#8		{L:2}
(-) BOOL
A19016FE  2800     		cmp r0, #0
A1901700  D005     		beq #10 ; 0xA190170E


#9
#10
#11
#12
#13
#14		{L:3}
(-) UNDEF
A1901704  2001     		mov r0, #1 ; 1

#15		{L:3}
(-) BOOL
A1901706  2800     		cmp r0, #0
A1901708  D001     		beq #2 ; 0xA190170E


#16
#17
#18
(-) BOOL
A190170C  E7FA     		b #-12 ; 0xA1901704

A190170E  E8BD 4DF0		ldmia sp!, { r4, r5, r6, r7, r8, r10, r11, lr }

A1901712  4770     		bx lr

A1901714  FFFFFFFF		; 0x10000182

END_PROGRAM


**************************************************
	Target variable image generation
**************************************************


*** INPUT:
A1901718  4770     		bx lr


*** OUTPUT:
A190171A  4770     		bx lr



**************************************************
	Task INIT init code
**************************************************

A190171C  E92D 4DF0		stmdb sp!, { r4, r5, r6, r7, r8, r10, r11, lr }

A1901720  E8BD 4DF0		ldmia sp!, { r4, r5, r6, r7, r8, r10, r11, lr }

A1901724  4770     		bx lr



**************************************************
	Global init code
**************************************************

A1901730  E92D 4DF0		stmdb sp!, { r4, r5, r6, r7, r8, r10, r11, lr }

A1901734  E8BD 4DF0		ldmia sp!, { r4, r5, r6, r7, r8, r10, r11, lr }

A1901738  4770     		bx lr



**************************************************
	Global RETAIN init code
**************************************************

A190173A  E92D 4DF0		stmdb sp!, { r4, r5, r6, r7, r8, r10, r11, lr }

A190173E  E8BD 4DF0		ldmia sp!, { r4, r5, r6, r7, r8, r10, r11, lr }

A1901742  4770     		bx lr



********************************************
MEMORY MAP
********************************************

Start code area:			A1900000h
End code area:				A1901750h
Code size:					    1750h

Start local data area:		A1A00000h
End local data area:		A1A00040h
Local data size:			      40h

Start retentive data area:	       0h
End retentive data area:	       0h
Retentive data size:		       0h

Start bit data area:		       0h
End bit data area:			       0h
Bit data size:				       0h



********************************************
CODE ID:                                B15953FD
DEBUG MEMO ID:                          A190B976
FULL MEMO ID:                           0000FDFA
********************************************
