***********************************************************************
*
*	DYNAMIC LINK AND INDIRECT ALLOCATION LISTING FOR: HVAC_Attempt_2
*
***********************************************************************


***************************************************
	 FIRST CODE AREA
***************************************************

***************************************************
	 DATABLOCK PATCHES
***************************************************
*
* List of data blocks that will be checked run-time for consistency with
* their definition available at compile-time
*
*
*	REQUIREMENTS for DATA BLOCK %M101
*		Process image: 0
*		Number of elements: 1024
*		Data size (bytes): 2
0000	00 00 65 00 00 04 00 00 02 00 00 00 

*
*	REQUIREMENTS for DATA BLOCK %Q1
*		Process image: 0
*		Number of elements: 6
*		Data size (bytes): 1
000C	00 02 01 00 06 00 00 00 01 00 00 00 

*
*	REQUIREMENTS for DATA BLOCK %I1
*		Process image: 1
*		Number of elements: 5
*		Data size (bytes): 2
0018	01 01 01 00 05 00 00 00 02 00 00 00 

*
*	REQUIREMENTS for DATA BLOCK %M110
*		Process image: 0
*		Number of elements: 512
*		Data size (bytes): 2
0024	00 00 6E 00 00 02 00 00 02 00 00 00 

*
*	REQUIREMENTS for DATA BLOCK %Q2
*		Process image: 0
*		Number of elements: 22
*		Data size (bytes): 1
0030	00 02 02 00 16 00 00 00 01 00 00 00 

*
*	REQUIREMENTS for DATA BLOCK %M22
*		Process image: 0
*		Number of elements: 1
*		Data size (bytes): 1
003C	00 00 16 00 01 00 00 00 01 00 00 00 

*
*	REQUIREMENTS for DATA BLOCK %M21
*		Process image: 0
*		Number of elements: 2
*		Data size (bytes): 1
0048	00 00 15 00 02 00 00 00 01 00 00 00 

*
*	REQUIREMENTS for DATA BLOCK %M23
*		Process image: 0
*		Number of elements: 7
*		Data size (bytes): 1
0054	00 00 17 00 07 00 00 00 01 00 00 00 

*
* List of all references to data allocated on data blocks
* along with the whole information required by the run-time linker
*
*
*	1 REFERENCE(S) TO 8-BIT VAR AT BYTE #0 OF DATA BLOCK %Q1
0000	00 00 01 00 00 00 00 00 02 01 01 00 

*		Instruction type: 0x00
*		Code offset: 0x002B96
000C	96 2B 00 00 

*
*	1 REFERENCE(S) TO 8-BIT VAR AT BYTE #9 OF DATA BLOCK %Q2
0010	00 00 02 00 09 00 00 00 02 01 01 00 

*		Instruction type: 0x00
*		Code offset: 0x002BA4
001C	A4 2B 00 00 

*
*	1 REFERENCE(S) TO 8-BIT VAR AT BYTE #5 OF DATA BLOCK %M23
0020	00 00 17 00 05 00 00 00 00 01 01 00 

*		Instruction type: 0x00
*		Code offset: 0x002A98
002C	98 2A 00 00 

*
*	1 REFERENCE(S) TO 8-BIT VAR AT BYTE #4 OF DATA BLOCK %M23
0030	00 00 17 00 04 00 00 00 00 01 01 00 

*		Instruction type: 0x00
*		Code offset: 0x002A85
003C	85 2A 00 00 

*
*	1 REFERENCE(S) TO 8-BIT VAR AT BYTE #3 OF DATA BLOCK %M23
0040	00 00 17 00 03 00 00 00 00 01 01 00 

*		Instruction type: 0x00
*		Code offset: 0x002A72
004C	72 2A 00 00 

*
*	1 REFERENCE(S) TO 8-BIT VAR AT BYTE #2 OF DATA BLOCK %M23
0050	00 00 17 00 02 00 00 00 00 01 01 00 

*		Instruction type: 0x00
*		Code offset: 0x002A5F
005C	5F 2A 00 00 

*
*	1 REFERENCE(S) TO 8-BIT VAR AT BYTE #1 OF DATA BLOCK %M23
0060	00 00 17 00 01 00 00 00 00 01 01 00 

*		Instruction type: 0x00
*		Code offset: 0x002A4C
006C	4C 2A 00 00 

*
*	1 REFERENCE(S) TO 8-BIT VAR AT BYTE #0 OF DATA BLOCK %M23
0070	90 EC 17 00 00 00 00 00 00 01 01 00 

*		Instruction type: 0x00
*		Code offset: 0x002A39
007C	39 2A 00 00 

*
*	5 REFERENCE(S) TO 8-BIT VAR AT BYTE #0 OF DATA BLOCK %M21
0080	88 EC 15 00 00 00 00 00 00 01 05 00 

*		Instruction type: 0x00
*		Code offset: 0x00147B
008C	7B 14 00 00 

*		Instruction type: 0x00
*		Code offset: 0x00265F
0090	5F 26 00 00 

*		Instruction type: 0x00
*		Code offset: 0x002889
0094	89 28 00 00 

*		Instruction type: 0x00
*		Code offset: 0x002899
0098	99 28 00 00 

*		Instruction type: 0x00
*		Code offset: 0x002A26
009C	26 2A 00 00 

*
*	2 REFERENCE(S) TO 8-BIT VAR AT BYTE #0 OF DATA BLOCK %M22
00A0	8C EC 16 00 00 00 00 00 00 01 02 00 

*		Instruction type: 0x00
*		Code offset: 0x001417
00AC	17 14 00 00 

*		Instruction type: 0x00
*		Code offset: 0x001434
00B0	34 14 00 00 

*
*	3 REFERENCE(S) TO 8-BIT VAR AT BYTE #16 OF DATA BLOCK %Q2
00B4	00 00 02 00 10 00 00 00 02 01 03 00 

*		Instruction type: 0x00
*		Code offset: 0x002BF6
00C0	F6 2B 00 00 

*		Instruction type: 0x00
*		Code offset: 0x002C23
00C4	23 2C 00 00 

*		Instruction type: 0x00
*		Code offset: 0x002C33
00C8	33 2C 00 00 

*
*	1 REFERENCE(S) TO 8-BIT VAR AT BYTE #10 OF DATA BLOCK %Q2
00CC	20 E8 02 00 0A 00 00 00 02 01 01 00 

*		Instruction type: 0x00
*		Code offset: 0x002B74
00D8	74 2B 00 00 

*
*	1 REFERENCE(S) TO 16-BIT VAR AT BYTE #2 OF DATA BLOCK %M101
00DC	00 00 65 00 02 00 00 00 00 02 01 00 

*		Instruction type: 0x00
*		Code offset: 0x002B53
00E8	53 2B 00 00 

*
*	1 REFERENCE(S) TO 16-BIT VAR AT BYTE #0 OF DATA BLOCK %I1
00EC	C0 E7 01 00 00 00 00 00 01 02 01 00 

*		Instruction type: 0x00
*		Code offset: 0x002C3D
00F8	3D 2C 00 00 

*
*	1 REFERENCE(S) TO 8-BIT VAR AT BYTE #6 OF DATA BLOCK %Q2
00FC	00 00 02 00 06 00 00 00 02 01 01 00 

*		Instruction type: 0x00
*		Code offset: 0x002BB2
0108	B2 2B 00 00 

*
*	1 REFERENCE(S) TO 16-BIT VAR AT BYTE #0 OF DATA BLOCK %M101
010C	98 EC 65 00 00 00 00 00 00 02 01 00 

*		Instruction type: 0x00
*		Code offset: 0x002B45
0118	45 2B 00 00 

*
*	2 REFERENCE(S) TO 8-BIT VAR AT BYTE #1 OF DATA BLOCK %Q1
011C	E8 E7 01 00 01 00 00 00 02 01 02 00 

*		Instruction type: 0x00
*		Code offset: 0x002B85
0128	85 2B 00 00 

*		Instruction type: 0x00
*		Code offset: 0x002BC8
012C	C8 2B 00 00 

*
*	1 REFERENCE(S) TO 16-BIT VAR AT BYTE #0 OF DATA BLOCK %M110
0130	7C E8 6E 00 00 00 00 00 00 02 01 00 

*		Instruction type: 0x00
*		Code offset: 0x002BC0
013C	C0 2B 00 00 


***************************************************
	 FUNCTION PATCHES
***************************************************

NAME: WRITESTRLOCALDISPLAY  - NUM: 5
	 Patch - TYPE: 0x0 - CODE OFFSET: 0x000C0E
	 Patch - TYPE: 0x0 - CODE OFFSET: 0x000DEC
	 Patch - TYPE: 0x0 - CODE OFFSET: 0x000F04
	 Patch - TYPE: 0x0 - CODE OFFSET: 0x0028CE
	 Patch - TYPE: 0x0 - CODE OFFSET: 0x0028F4

NAME: PLC_CTRMENU  - NUM: 3
	 Patch - TYPE: 0x0 - CODE OFFSET: 0x001D58
	 Patch - TYPE: 0x0 - CODE OFFSET: 0x0025EC
	 Patch - TYPE: 0x0 - CODE OFFSET: 0x002727

NAME: KEYLOG_OUT  - NUM: 8
	 Patch - TYPE: 0x0 - CODE OFFSET: 0x0010D0
	 Patch - TYPE: 0x0 - CODE OFFSET: 0x001395
	 Patch - TYPE: 0x0 - CODE OFFSET: 0x001573
	 Patch - TYPE: 0x0 - CODE OFFSET: 0x0018DD
	 Patch - TYPE: 0x0 - CODE OFFSET: 0x001EB6
	 Patch - TYPE: 0x0 - CODE OFFSET: 0x002205
	 Patch - TYPE: 0x0 - CODE OFFSET: 0x002748
	 Patch - TYPE: 0x0 - CODE OFFSET: 0x002910

NAME: SYSMBMRTU_ENABLE  - NUM: 1
	 Patch - TYPE: 0x0 - CODE OFFSET: 0x002C6B

NAME: WRITENUMLOCALDISPLAY  - NUM: 1
	 Patch - TYPE: 0x0 - CODE OFFSET: 0x00136C

NAME: PLC_CTRMENUPW  - NUM: 1
	 Patch - TYPE: 0x0 - CODE OFFSET: 0x002A00

NAME: STRNCPY  - NUM: 9
	 Patch - TYPE: 0x0 - CODE OFFSET: 0x000BF3
	 Patch - TYPE: 0x0 - CODE OFFSET: 0x000CD6
	 Patch - TYPE: 0x0 - CODE OFFSET: 0x000CFE
	 Patch - TYPE: 0x0 - CODE OFFSET: 0x000D26
	 Patch - TYPE: 0x0 - CODE OFFSET: 0x000DA9
	 Patch - TYPE: 0x0 - CODE OFFSET: 0x000DD1
	 Patch - TYPE: 0x0 - CODE OFFSET: 0x000E79
	 Patch - TYPE: 0x0 - CODE OFFSET: 0x000EA1
	 Patch - TYPE: 0x0 - CODE OFFSET: 0x000EE9

***************************************************
	MEMORY AREA ACCESS PATCH
***************************************************
*
* List of all references to data allocated in memory areas
* along with the whole information required by the run-time linker
*
*
*	1 REFERENCE(S) TO 8-BIT VAR AT BYTE #244 OF CODE AREA
0000	43 01 01 00 F4 00 00 00 

*		Instruction type: 0x00
*		Code offset: 0x000E64
0008	64 0E 00 00 

*
*	1 REFERENCE(S) TO 8-BIT VAR AT BYTE #250 OF CODE AREA
000C	43 01 01 00 FA 00 00 00 

*		Instruction type: 0x00
*		Code offset: 0x000E8C
0014	8C 0E 00 00 

*
*	1 REFERENCE(S) TO 8-BIT VAR AT BYTE #254 OF CODE AREA
0018	43 01 01 00 FE 00 00 00 

*		Instruction type: 0x00
*		Code offset: 0x000ED4
0020	D4 0E 00 00 

*
*	2 REFERENCE(S) TO 8-BIT VAR AT BYTE #258 OF CODE AREA
0024	43 01 02 00 02 01 00 00 

*		Instruction type: 0x00
*		Code offset: 0x000CC1
002C	C1 0C 00 00 

*		Instruction type: 0x00
*		Code offset: 0x000D94
0030	94 0D 00 00 

*
*	2 REFERENCE(S) TO 8-BIT VAR AT BYTE #264 OF CODE AREA
0034	43 01 02 00 08 01 00 00 

*		Instruction type: 0x00
*		Code offset: 0x000CE9
003C	E9 0C 00 00 

*		Instruction type: 0x00
*		Code offset: 0x000DBC
0040	BC 0D 00 00 

*
*	1 REFERENCE(S) TO 8-BIT VAR AT BYTE #270 OF CODE AREA
0044	43 01 01 00 0E 01 00 00 

*		Instruction type: 0x00
*		Code offset: 0x000D11
004C	11 0D 00 00 

*
*	1 REFERENCE(S) TO 8-BIT VAR AT BYTE #276 OF CODE AREA
0050	43 01 01 00 14 01 00 00 

*		Instruction type: 0x00
*		Code offset: 0x000BDE
0058	DE 0B 00 00 

*
*	6 REFERENCE(S) TO 32-BIT VAR AT BYTE #282 OF CODE AREA
005C	43 04 06 00 1A 01 00 00 

*		Instruction type: 0x00
*		Code offset: 0x001BC8
0064	C8 1B 00 00 

*		Instruction type: 0x00
*		Code offset: 0x001C41
0068	41 1C 00 00 

*		Instruction type: 0x00
*		Code offset: 0x001CBA
006C	BA 1C 00 00 

*		Instruction type: 0x00
*		Code offset: 0x0024D5
0070	D5 24 00 00 

*		Instruction type: 0x00
*		Code offset: 0x00254E
0074	4E 25 00 00 

*		Instruction type: 0x00
*		Code offset: 0x002689
0078	89 26 00 00 

*
*	6 REFERENCE(S) TO 32-BIT VAR AT BYTE #286 OF CODE AREA
007C	43 04 06 00 1E 01 00 00 

*		Instruction type: 0x00
*		Code offset: 0x001BD8
0084	D8 1B 00 00 

*		Instruction type: 0x00
*		Code offset: 0x001C51
0088	51 1C 00 00 

*		Instruction type: 0x00
*		Code offset: 0x001CCA
008C	CA 1C 00 00 

*		Instruction type: 0x00
*		Code offset: 0x0024E5
0090	E5 24 00 00 

*		Instruction type: 0x00
*		Code offset: 0x00255E
0094	5E 25 00 00 

*		Instruction type: 0x00
*		Code offset: 0x002699
0098	99 26 00 00 

*
*	6 REFERENCE(S) TO 32-BIT VAR AT BYTE #290 OF CODE AREA
009C	43 04 06 00 22 01 00 00 

*		Instruction type: 0x00
*		Code offset: 0x001BE8
00A4	E8 1B 00 00 

*		Instruction type: 0x00
*		Code offset: 0x001C61
00A8	61 1C 00 00 

*		Instruction type: 0x00
*		Code offset: 0x001CDA
00AC	DA 1C 00 00 

*		Instruction type: 0x00
*		Code offset: 0x0024F5
00B0	F5 24 00 00 

*		Instruction type: 0x00
*		Code offset: 0x00256E
00B4	6E 25 00 00 

*		Instruction type: 0x00
*		Code offset: 0x0026A9
00B8	A9 26 00 00 

*
*	1 REFERENCE(S) TO 8-BIT VAR AT BYTE #298 OF CODE AREA
00BC	43 01 01 00 2A 01 00 00 

*		Instruction type: 0x00
*		Code offset: 0x0028C3
00C4	C3 28 00 00 

*
*	1 REFERENCE(S) TO 8-BIT VAR AT BYTE #302 OF CODE AREA
00C8	43 01 01 00 2E 01 00 00 

*		Instruction type: 0x00
*		Code offset: 0x0028E9
00D0	E9 28 00 00 

*
*	3 REFERENCE(S) TO 16-BIT VAR AT BYTE #8 OF DATA AREA
00D4	44 02 03 00 08 00 00 00 

*		Instruction type: 0x00
*		Code offset: 0x002B37
00DC	37 2B 00 00 

*		Instruction type: 0x00
*		Code offset: 0x002BB9
00E0	B9 2B 00 00 

*		Instruction type: 0x00
*		Code offset: 0x002C44
00E4	44 2C 00 00 

*
*	1 REFERENCE(S) TO 8-BIT VAR AT BYTE #10 OF DATA AREA
00E8	44 01 01 00 0A 00 00 00 

*		Instruction type: 0x00
*		Code offset: 0x002C7C
00F0	7C 2C 00 00 

*
*	5 REFERENCE(S) TO 8-BIT VAR AT BYTE #11 OF DATA AREA
00F4	44 01 05 00 0B 00 00 00 

*		Instruction type: 0x00
*		Code offset: 0x000FF0
00FC	F0 0F 00 00 

*		Instruction type: 0x00
*		Code offset: 0x001356
0100	56 13 00 00 

*		Instruction type: 0x00
*		Code offset: 0x002BCE
0104	CE 2B 00 00 

*		Instruction type: 0x00
*		Code offset: 0x002BD6
0108	D6 2B 00 00 

*		Instruction type: 0x00
*		Code offset: 0x002C03
010C	03 2C 00 00 

*
*	1 REFERENCE(S) TO 16-BIT VAR AT BYTE #12 OF DATA AREA
0110	44 02 01 00 0C 00 00 00 

*		Instruction type: 0x00
*		Code offset: 0x002B3E
0118	3E 2B 00 00 

*
*	1 REFERENCE(S) TO 64-BIT VAR AT BYTE #12 OF DATA AREA
011C	44 08 01 00 0C 00 00 00 

*		Instruction type: 0x00
*		Code offset: 0x002B60
0124	60 2B 00 00 

*
*	1 REFERENCE(S) TO 16-BIT VAR AT BYTE #14 OF DATA AREA
0128	44 02 01 00 0E 00 00 00 

*		Instruction type: 0x00
*		Code offset: 0x002B4C
0130	4C 2B 00 00 

*
*	1 REFERENCE(S) TO 16-BIT VAR AT BYTE #16 OF DATA AREA
0134	44 02 01 00 10 00 00 00 

*		Instruction type: 0x00
*		Code offset: 0x002B5A
013C	5A 2B 00 00 

*
*	2 REFERENCE(S) TO 8-BIT VAR AT BYTE #18 OF DATA AREA
0140	44 01 02 00 12 00 00 00 

*		Instruction type: 0x00
*		Code offset: 0x002B6E
0148	6E 2B 00 00 

*		Instruction type: 0x00
*		Code offset: 0x002B7C
014C	7C 2B 00 00 

*
*	3 REFERENCE(S) TO 8-BIT VAR AT BYTE #19 OF DATA AREA
0150	44 01 03 00 13 00 00 00 

*		Instruction type: 0x00
*		Code offset: 0x002B8D
0158	8D 2B 00 00 

*		Instruction type: 0x00
*		Code offset: 0x002B9E
015C	9E 2B 00 00 

*		Instruction type: 0x00
*		Code offset: 0x002BAC
0160	AC 2B 00 00 

*
*	1 REFERENCE(S) TO 176-BIT VAR AT BYTE #20 OF DATA AREA
0164	44 16 01 00 14 00 00 00 

*		Instruction type: 0x00
*		Code offset: 0x002CA6
016C	A6 2C 00 00 

*
*	27 REFERENCE(S) TO 8-BIT VAR AT BYTE #42 OF DATA AREA
0170	44 01 1B 00 2A 00 00 00 

*		Instruction type: 0x00
*		Code offset: 0x0010B8
0178	B8 10 00 00 

*		Instruction type: 0x00
*		Code offset: 0x001250
017C	50 12 00 00 

*		Instruction type: 0x00
*		Code offset: 0x001329
0180	29 13 00 00 

*		Instruction type: 0x00
*		Code offset: 0x00137D
0184	7D 13 00 00 

*		Instruction type: 0x00
*		Code offset: 0x001405
0188	05 14 00 00 

*		Instruction type: 0x00
*		Code offset: 0x00155B
018C	5B 15 00 00 

*		Instruction type: 0x00
*		Code offset: 0x0016F1
0190	F1 16 00 00 

*		Instruction type: 0x00
*		Code offset: 0x0017C8
0194	C8 17 00 00 

*		Instruction type: 0x00
*		Code offset: 0x0018C5
0198	C5 18 00 00 

*		Instruction type: 0x00
*		Code offset: 0x001A6A
019C	6A 1A 00 00 

*		Instruction type: 0x00
*		Code offset: 0x001B50
01A0	50 1B 00 00 

*		Instruction type: 0x00
*		Code offset: 0x001D6E
01A4	6E 1D 00 00 

*		Instruction type: 0x00
*		Code offset: 0x001D92
01A8	92 1D 00 00 

*		Instruction type: 0x00
*		Code offset: 0x001DCA
01AC	CA 1D 00 00 

*		Instruction type: 0x00
*		Code offset: 0x001E9E
01B0	9E 1E 00 00 

*		Instruction type: 0x00
*		Code offset: 0x002034
01B4	34 20 00 00 

*		Instruction type: 0x00
*		Code offset: 0x00210B
01B8	0B 21 00 00 

*		Instruction type: 0x00
*		Code offset: 0x0021ED
01BC	ED 21 00 00 

*		Instruction type: 0x00
*		Code offset: 0x002392
01C0	92 23 00 00 

*		Instruction type: 0x00
*		Code offset: 0x002478
01C4	78 24 00 00 

*		Instruction type: 0x00
*		Code offset: 0x002602
01C8	02 26 00 00 

*		Instruction type: 0x00
*		Code offset: 0x002626
01CC	26 26 00 00 

*		Instruction type: 0x00
*		Code offset: 0x00264A
01D0	4A 26 00 00 

*		Instruction type: 0x00
*		Code offset: 0x00273D
01D4	3D 27 00 00 

*		Instruction type: 0x00
*		Code offset: 0x0028DF
01D8	DF 28 00 00 

*		Instruction type: 0x00
*		Code offset: 0x002905
01DC	05 29 00 00 

*		Instruction type: 0x00
*		Code offset: 0x002A16
01E0	16 2A 00 00 

*
*	49 REFERENCE(S) TO 8-BIT VAR AT BYTE #43 OF DATA AREA
01E4	44 01 31 00 2B 00 00 00 

*		Instruction type: 0x00
*		Code offset: 0x0010DE
01EC	DE 10 00 00 

*		Instruction type: 0x00
*		Code offset: 0x0010E6
01F0	E6 10 00 00 

*		Instruction type: 0x00
*		Code offset: 0x0010FC
01F4	FC 10 00 00 

*		Instruction type: 0x00
*		Code offset: 0x00111E
01F8	1E 11 00 00 

*		Instruction type: 0x00
*		Code offset: 0x00113B
01FC	3B 11 00 00 

*		Instruction type: 0x00
*		Code offset: 0x001158
0200	58 11 00 00 

*		Instruction type: 0x00
*		Code offset: 0x0013A3
0204	A3 13 00 00 

*		Instruction type: 0x00
*		Code offset: 0x0013AB
0208	AB 13 00 00 

*		Instruction type: 0x00
*		Code offset: 0x0013C1
020C	C1 13 00 00 

*		Instruction type: 0x00
*		Code offset: 0x001581
0210	81 15 00 00 

*		Instruction type: 0x00
*		Code offset: 0x001589
0214	89 15 00 00 

*		Instruction type: 0x00
*		Code offset: 0x00159F
0218	9F 15 00 00 

*		Instruction type: 0x00
*		Code offset: 0x0015C1
021C	C1 15 00 00 

*		Instruction type: 0x00
*		Code offset: 0x0015DE
0220	DE 15 00 00 

*		Instruction type: 0x00
*		Code offset: 0x0015FB
0224	FB 15 00 00 

*		Instruction type: 0x00
*		Code offset: 0x0018EB
0228	EB 18 00 00 

*		Instruction type: 0x00
*		Code offset: 0x0018F3
022C	F3 18 00 00 

*		Instruction type: 0x00
*		Code offset: 0x001909
0230	09 19 00 00 

*		Instruction type: 0x00
*		Code offset: 0x00192B
0234	2B 19 00 00 

*		Instruction type: 0x00
*		Code offset: 0x001948
0238	48 19 00 00 

*		Instruction type: 0x00
*		Code offset: 0x001965
023C	65 19 00 00 

*		Instruction type: 0x00
*		Code offset: 0x001EC4
0240	C4 1E 00 00 

*		Instruction type: 0x00
*		Code offset: 0x001ECC
0244	CC 1E 00 00 

*		Instruction type: 0x00
*		Code offset: 0x001EE2
0248	E2 1E 00 00 

*		Instruction type: 0x00
*		Code offset: 0x001F04
024C	04 1F 00 00 

*		Instruction type: 0x00
*		Code offset: 0x001F21
0250	21 1F 00 00 

*		Instruction type: 0x00
*		Code offset: 0x001F3E
0254	3E 1F 00 00 

*		Instruction type: 0x00
*		Code offset: 0x002213
0258	13 22 00 00 

*		Instruction type: 0x00
*		Code offset: 0x00221B
025C	1B 22 00 00 

*		Instruction type: 0x00
*		Code offset: 0x002231
0260	31 22 00 00 

*		Instruction type: 0x00
*		Code offset: 0x002253
0264	53 22 00 00 

*		Instruction type: 0x00
*		Code offset: 0x002270
0268	70 22 00 00 

*		Instruction type: 0x00
*		Code offset: 0x00228D
026C	8D 22 00 00 

*		Instruction type: 0x00
*		Code offset: 0x002756
0270	56 27 00 00 

*		Instruction type: 0x00
*		Code offset: 0x00275E
0274	5E 27 00 00 

*		Instruction type: 0x00
*		Code offset: 0x00277B
0278	7B 27 00 00 

*		Instruction type: 0x00
*		Code offset: 0x002798
027C	98 27 00 00 

*		Instruction type: 0x00
*		Code offset: 0x0027B5
0280	B5 27 00 00 

*		Instruction type: 0x00
*		Code offset: 0x0027D2
0284	D2 27 00 00 

*		Instruction type: 0x00
*		Code offset: 0x0027EF
0288	EF 27 00 00 

*		Instruction type: 0x00
*		Code offset: 0x00280C
028C	0C 28 00 00 

*		Instruction type: 0x00
*		Code offset: 0x002829
0290	29 28 00 00 

*		Instruction type: 0x00
*		Code offset: 0x002846
0294	46 28 00 00 

*		Instruction type: 0x00
*		Code offset: 0x00291E
0298	1E 29 00 00 

*		Instruction type: 0x00
*		Code offset: 0x002926
029C	26 29 00 00 

*		Instruction type: 0x00
*		Code offset: 0x00293C
02A0	3C 29 00 00 

*		Instruction type: 0x00
*		Code offset: 0x00295E
02A4	5E 29 00 00 

*		Instruction type: 0x00
*		Code offset: 0x002974
02A8	74 29 00 00 

*		Instruction type: 0x00
*		Code offset: 0x002996
02AC	96 29 00 00 

*
*	9 REFERENCE(S) TO 16-BIT VAR AT BYTE #44 OF DATA AREA
02B0	44 02 09 00 2C 00 00 00 

*		Instruction type: 0x00
*		Code offset: 0x001BB7
02B8	B7 1B 00 00 

*		Instruction type: 0x00
*		Code offset: 0x001C30
02BC	30 1C 00 00 

*		Instruction type: 0x00
*		Code offset: 0x001CA9
02C0	A9 1C 00 00 

*		Instruction type: 0x00
*		Code offset: 0x001D1A
02C4	1A 1D 00 00 

*		Instruction type: 0x00
*		Code offset: 0x0024C4
02C8	C4 24 00 00 

*		Instruction type: 0x00
*		Code offset: 0x00253D
02CC	3D 25 00 00 

*		Instruction type: 0x00
*		Code offset: 0x0025AE
02D0	AE 25 00 00 

*		Instruction type: 0x00
*		Code offset: 0x002678
02D4	78 26 00 00 

*		Instruction type: 0x00
*		Code offset: 0x0026E9
02D8	E9 26 00 00 

*
*	9 REFERENCE(S) TO 8-BIT VAR AT BYTE #46 OF DATA AREA
02DC	44 01 09 00 2E 00 00 00 

*		Instruction type: 0x00
*		Code offset: 0x001BC2
02E4	C2 1B 00 00 

*		Instruction type: 0x00
*		Code offset: 0x001C3B
02E8	3B 1C 00 00 

*		Instruction type: 0x00
*		Code offset: 0x001CB4
02EC	B4 1C 00 00 

*		Instruction type: 0x00
*		Code offset: 0x001D51
02F0	51 1D 00 00 

*		Instruction type: 0x00
*		Code offset: 0x0024CF
02F4	CF 24 00 00 

*		Instruction type: 0x00
*		Code offset: 0x002548
02F8	48 25 00 00 

*		Instruction type: 0x00
*		Code offset: 0x0025E5
02FC	E5 25 00 00 

*		Instruction type: 0x00
*		Code offset: 0x002683
0300	83 26 00 00 

*		Instruction type: 0x00
*		Code offset: 0x002720
0304	20 27 00 00 

*
*	9 REFERENCE(S) TO 8-BIT VAR AT BYTE #47 OF DATA AREA
0308	44 01 09 00 2F 00 00 00 

*		Instruction type: 0x00
*		Code offset: 0x001C09
0310	09 1C 00 00 

*		Instruction type: 0x00
*		Code offset: 0x001C82
0314	82 1C 00 00 

*		Instruction type: 0x00
*		Code offset: 0x001CFB
0318	FB 1C 00 00 

*		Instruction type: 0x00
*		Code offset: 0x001D31
031C	31 1D 00 00 

*		Instruction type: 0x00
*		Code offset: 0x002516
0320	16 25 00 00 

*		Instruction type: 0x00
*		Code offset: 0x00258F
0324	8F 25 00 00 

*		Instruction type: 0x00
*		Code offset: 0x0025C5
0328	C5 25 00 00 

*		Instruction type: 0x00
*		Code offset: 0x0026CA
032C	CA 26 00 00 

*		Instruction type: 0x00
*		Code offset: 0x002700
0330	00 27 00 00 

*
*	9 REFERENCE(S) TO 32-BIT VAR AT BYTE #48 OF DATA AREA
0334	44 04 09 00 30 00 00 00 

*		Instruction type: 0x00
*		Code offset: 0x001BCE
033C	CE 1B 00 00 

*		Instruction type: 0x00
*		Code offset: 0x001C47
0340	47 1C 00 00 

*		Instruction type: 0x00
*		Code offset: 0x001CC0
0344	C0 1C 00 00 

*		Instruction type: 0x00
*		Code offset: 0x001D4A
0348	4A 1D 00 00 

*		Instruction type: 0x00
*		Code offset: 0x0024DB
034C	DB 24 00 00 

*		Instruction type: 0x00
*		Code offset: 0x002554
0350	54 25 00 00 

*		Instruction type: 0x00
*		Code offset: 0x0025DE
0354	DE 25 00 00 

*		Instruction type: 0x00
*		Code offset: 0x00268F
0358	8F 26 00 00 

*		Instruction type: 0x00
*		Code offset: 0x002719
035C	19 27 00 00 

*
*	9 REFERENCE(S) TO 32-BIT VAR AT BYTE #52 OF DATA AREA
0360	44 04 09 00 34 00 00 00 

*		Instruction type: 0x00
*		Code offset: 0x001BDE
0368	DE 1B 00 00 

*		Instruction type: 0x00
*		Code offset: 0x001C57
036C	57 1C 00 00 

*		Instruction type: 0x00
*		Code offset: 0x001CD0
0370	D0 1C 00 00 

*		Instruction type: 0x00
*		Code offset: 0x001D44
0374	44 1D 00 00 

*		Instruction type: 0x00
*		Code offset: 0x0024EB
0378	EB 24 00 00 

*		Instruction type: 0x00
*		Code offset: 0x002564
037C	64 25 00 00 

*		Instruction type: 0x00
*		Code offset: 0x0025D8
0380	D8 25 00 00 

*		Instruction type: 0x00
*		Code offset: 0x00269F
0384	9F 26 00 00 

*		Instruction type: 0x00
*		Code offset: 0x002713
0388	13 27 00 00 

*
*	9 REFERENCE(S) TO 32-BIT VAR AT BYTE #56 OF DATA AREA
038C	44 04 09 00 38 00 00 00 

*		Instruction type: 0x00
*		Code offset: 0x001BEE
0394	EE 1B 00 00 

*		Instruction type: 0x00
*		Code offset: 0x001C67
0398	67 1C 00 00 

*		Instruction type: 0x00
*		Code offset: 0x001CE0
039C	E0 1C 00 00 

*		Instruction type: 0x00
*		Code offset: 0x001D3E
03A0	3E 1D 00 00 

*		Instruction type: 0x00
*		Code offset: 0x0024FB
03A4	FB 24 00 00 

*		Instruction type: 0x00
*		Code offset: 0x002574
03A8	74 25 00 00 

*		Instruction type: 0x00
*		Code offset: 0x0025D2
03AC	D2 25 00 00 

*		Instruction type: 0x00
*		Code offset: 0x0026AF
03B0	AF 26 00 00 

*		Instruction type: 0x00
*		Code offset: 0x00270D
03B4	0D 27 00 00 

*
*	9 REFERENCE(S) TO 32-BIT VAR AT BYTE #60 OF DATA AREA
03B8	44 04 09 00 3C 00 00 00 

*		Instruction type: 0x00
*		Code offset: 0x001BFA
03C0	FA 1B 00 00 

*		Instruction type: 0x00
*		Code offset: 0x001C73
03C4	73 1C 00 00 

*		Instruction type: 0x00
*		Code offset: 0x001CEC
03C8	EC 1C 00 00 

*		Instruction type: 0x00
*		Code offset: 0x001D38
03CC	38 1D 00 00 

*		Instruction type: 0x00
*		Code offset: 0x002507
03D0	07 25 00 00 

*		Instruction type: 0x00
*		Code offset: 0x002580
03D4	80 25 00 00 

*		Instruction type: 0x00
*		Code offset: 0x0025CC
03D8	CC 25 00 00 

*		Instruction type: 0x00
*		Code offset: 0x0026BB
03DC	BB 26 00 00 

*		Instruction type: 0x00
*		Code offset: 0x002707
03E0	07 27 00 00 

*
*	9 REFERENCE(S) TO 8-BIT VAR AT BYTE #64 OF DATA AREA
03E4	44 01 09 00 40 00 00 00 

*		Instruction type: 0x00
*		Code offset: 0x001C14
03EC	14 1C 00 00 

*		Instruction type: 0x00
*		Code offset: 0x001C8D
03F0	8D 1C 00 00 

*		Instruction type: 0x00
*		Code offset: 0x001D06
03F4	06 1D 00 00 

*		Instruction type: 0x00
*		Code offset: 0x001D29
03F8	29 1D 00 00 

*		Instruction type: 0x00
*		Code offset: 0x002521
03FC	21 25 00 00 

*		Instruction type: 0x00
*		Code offset: 0x00259A
0400	9A 25 00 00 

*		Instruction type: 0x00
*		Code offset: 0x0025BD
0404	BD 25 00 00 

*		Instruction type: 0x00
*		Code offset: 0x0026D5
0408	D5 26 00 00 

*		Instruction type: 0x00
*		Code offset: 0x0026F8
040C	F8 26 00 00 

*
*	9 REFERENCE(S) TO 8-BIT VAR AT BYTE #65 OF DATA AREA
0410	44 01 09 00 41 00 00 00 

*		Instruction type: 0x00
*		Code offset: 0x001C1F
0418	1F 1C 00 00 

*		Instruction type: 0x00
*		Code offset: 0x001C98
041C	98 1C 00 00 

*		Instruction type: 0x00
*		Code offset: 0x001D11
0420	11 1D 00 00 

*		Instruction type: 0x00
*		Code offset: 0x001D21
0424	21 1D 00 00 

*		Instruction type: 0x00
*		Code offset: 0x00252C
0428	2C 25 00 00 

*		Instruction type: 0x00
*		Code offset: 0x0025A5
042C	A5 25 00 00 

*		Instruction type: 0x00
*		Code offset: 0x0025B5
0430	B5 25 00 00 

*		Instruction type: 0x00
*		Code offset: 0x0026E0
0434	E0 26 00 00 

*		Instruction type: 0x00
*		Code offset: 0x0026F0
0438	F0 26 00 00 

