***********************************************************************
*
*	DYNAMIC LINK AND INDIRECT ALLOCATION LISTING FOR: m172_program
*
***********************************************************************


***************************************************
	 FIRST CODE AREA
***************************************************

***************************************************
	 DATABLOCK PATCHES
***************************************************
*
* List of data blocks that will be checked run-time for consistency with
* their definition available at compile-time
*
*
*	REQUIREMENTS for DATA BLOCK %M100
*		Process image: 0
*		Number of elements: 416
*		Data size (bytes): 2
0000	00 00 64 00 A0 01 00 00 02 00 00 00 

*
*	REQUIREMENTS for DATA BLOCK %I1
*		Process image: 1
*		Number of elements: 12
*		Data size (bytes): 2
000C	01 01 01 00 0C 00 00 00 02 00 00 00 

*
*	REQUIREMENTS for DATA BLOCK %M110
*		Process image: 0
*		Number of elements: 5000
*		Data size (bytes): 2
0018	00 00 6E 00 88 13 00 00 02 00 00 00 

*
*	REQUIREMENTS for DATA BLOCK %M0
*		Process image: 0
*		Number of elements: 1
*		Data size (bytes): 4
0024	00 00 00 00 01 00 00 00 04 00 00 00 

*
*	REQUIREMENTS for DATA BLOCK %I0
*		Process image: 1
*		Number of elements: 12
*		Data size (bytes): 1
0030	01 01 00 00 0C 00 00 00 01 00 00 00 

*
* List of all references to data allocated on data blocks
* along with the whole information required by the run-time linker
*
*
*	1 REFERENCE(S) TO 16-BIT VAR AT BYTE #22 OF DATA BLOCK %I1
0000	00 00 01 00 16 00 00 00 01 02 01 00 

*		Instruction type: 0x00
*		Code offset: 0x002B30
000C	30 2B 00 00 

*
*	1 REFERENCE(S) TO 16-BIT VAR AT BYTE #20 OF DATA BLOCK %I1
0010	00 00 01 00 14 00 00 00 01 02 01 00 

*		Instruction type: 0x00
*		Code offset: 0x002B2C
001C	2C 2B 00 00 

*
*	1 REFERENCE(S) TO 16-BIT VAR AT BYTE #4 OF DATA BLOCK %I1
0020	00 00 01 00 04 00 00 00 01 02 01 00 

*		Instruction type: 0x00
*		Code offset: 0x002B0C
002C	0C 2B 00 00 

*
*	1 REFERENCE(S) TO 16-BIT VAR AT BYTE #8 OF DATA BLOCK %M110
0030	00 00 6E 00 08 00 00 00 00 02 01 00 

*		Instruction type: 0x00
*		Code offset: 0x002788
003C	88 27 00 00 

*
*	1 REFERENCE(S) TO 8-BIT VAR AT BYTE #1 OF DATA BLOCK %I0
0040	00 00 00 00 01 00 00 00 01 01 01 00 

*		Instruction type: 0x00
*		Code offset: 0x002AD8
004C	D8 2A 00 00 

*
*	1 REFERENCE(S) TO 8-BIT VAR AT BYTE #4 OF DATA BLOCK %I0
0050	00 00 00 00 04 00 00 00 01 01 01 00 

*		Instruction type: 0x00
*		Code offset: 0x002AE4
005C	E4 2A 00 00 

*
*	1 REFERENCE(S) TO 16-BIT VAR AT BYTE #386 OF DATA BLOCK %M100
0060	00 00 64 00 82 01 00 00 00 02 01 00 

*		Instruction type: 0x00
*		Code offset: 0x002B94
006C	94 2B 00 00 

*
*	1 REFERENCE(S) TO 16-BIT VAR AT BYTE #8 OF DATA BLOCK %I1
0070	00 00 01 00 08 00 00 00 01 02 01 00 

*		Instruction type: 0x00
*		Code offset: 0x002B14
007C	14 2B 00 00 

*
*	1 REFERENCE(S) TO 16-BIT VAR AT BYTE #48 OF DATA BLOCK %M110
0080	00 00 6E 00 30 00 00 00 00 02 01 00 

*		Instruction type: 0x00
*		Code offset: 0x002928
008C	28 29 00 00 

*
*	1 REFERENCE(S) TO 16-BIT VAR AT BYTE #46 OF DATA BLOCK %M110
0090	00 00 6E 00 2E 00 00 00 00 02 01 00 

*		Instruction type: 0x00
*		Code offset: 0x0027D4
009C	D4 27 00 00 

*
*	1 REFERENCE(S) TO 16-BIT VAR AT BYTE #44 OF DATA BLOCK %M110
00A0	00 00 6E 00 2C 00 00 00 00 02 01 00 

*		Instruction type: 0x00
*		Code offset: 0x0027D0
00AC	D0 27 00 00 

*
*	1 REFERENCE(S) TO 16-BIT VAR AT BYTE #42 OF DATA BLOCK %M110
00B0	00 00 6E 00 2A 00 00 00 00 02 01 00 

*		Instruction type: 0x00
*		Code offset: 0x0027CC
00BC	CC 27 00 00 

*
*	1 REFERENCE(S) TO 16-BIT VAR AT BYTE #40 OF DATA BLOCK %M110
00C0	00 00 6E 00 28 00 00 00 00 02 01 00 

*		Instruction type: 0x00
*		Code offset: 0x0027C8
00CC	C8 27 00 00 

*
*	1 REFERENCE(S) TO 16-BIT VAR AT BYTE #2 OF DATA BLOCK %I1
00D0	00 00 01 00 02 00 00 00 01 02 01 00 

*		Instruction type: 0x00
*		Code offset: 0x002B08
00DC	08 2B 00 00 

*
*	1 REFERENCE(S) TO 16-BIT VAR AT BYTE #0 OF DATA BLOCK %I1
00E0	42 04 01 00 00 00 00 00 01 02 01 00 

*		Instruction type: 0x00
*		Code offset: 0x002B04
00EC	04 2B 00 00 

*
*	1 REFERENCE(S) TO 8-BIT VAR AT BYTE #9 OF DATA BLOCK %I0
00F0	00 00 00 00 09 00 00 00 01 01 01 00 

*		Instruction type: 0x00
*		Code offset: 0x002AF8
00FC	F8 2A 00 00 

*
*	1 REFERENCE(S) TO 8-BIT VAR AT BYTE #0 OF DATA BLOCK %I0
0100	20 04 00 00 00 00 00 00 01 01 01 00 

*		Instruction type: 0x00
*		Code offset: 0x002AD4
010C	D4 2A 00 00 

*
*	1 REFERENCE(S) TO 16-BIT VAR AT BYTE #2 OF DATA BLOCK %M110
0110	00 00 6E 00 02 00 00 00 00 02 01 00 

*		Instruction type: 0x00
*		Code offset: 0x00277C
011C	7C 27 00 00 

*
*	1 REFERENCE(S) TO 16-BIT VAR AT BYTE #6 OF DATA BLOCK %I1
0120	00 00 01 00 06 00 00 00 01 02 01 00 

*		Instruction type: 0x00
*		Code offset: 0x002B10
012C	10 2B 00 00 

*
*	1 REFERENCE(S) TO 16-BIT VAR AT BYTE #6 OF DATA BLOCK %M110
0130	00 00 6E 00 06 00 00 00 00 02 01 00 

*		Instruction type: 0x00
*		Code offset: 0x002784
013C	84 27 00 00 

*
*	1 REFERENCE(S) TO 8-BIT VAR AT BYTE #11 OF DATA BLOCK %I0
0140	00 00 00 00 0B 00 00 00 01 01 01 00 

*		Instruction type: 0x00
*		Code offset: 0x002B00
014C	00 2B 00 00 

*
*	1 REFERENCE(S) TO 8-BIT VAR AT BYTE #10 OF DATA BLOCK %I0
0150	00 00 00 00 0A 00 00 00 01 01 01 00 

*		Instruction type: 0x00
*		Code offset: 0x002AFC
015C	FC 2A 00 00 

*
*	1 REFERENCE(S) TO 8-BIT VAR AT BYTE #8 OF DATA BLOCK %I0
0160	00 00 00 00 08 00 00 00 01 01 01 00 

*		Instruction type: 0x00
*		Code offset: 0x002AF4
016C	F4 2A 00 00 

*
*	1 REFERENCE(S) TO 8-BIT VAR AT BYTE #7 OF DATA BLOCK %I0
0170	00 00 00 00 07 00 00 00 01 01 01 00 

*		Instruction type: 0x00
*		Code offset: 0x002AF0
017C	F0 2A 00 00 

*
*	1 REFERENCE(S) TO 16-BIT VAR AT BYTE #38 OF DATA BLOCK %M110
0180	00 00 6E 00 26 00 00 00 00 02 01 00 

*		Instruction type: 0x00
*		Code offset: 0x0027C4
018C	C4 27 00 00 

*
*	1 REFERENCE(S) TO 16-BIT VAR AT BYTE #36 OF DATA BLOCK %M110
0190	00 00 6E 00 24 00 00 00 00 02 01 00 

*		Instruction type: 0x00
*		Code offset: 0x0027C0
019C	C0 27 00 00 

*
*	1 REFERENCE(S) TO 16-BIT VAR AT BYTE #34 OF DATA BLOCK %M110
01A0	00 00 6E 00 22 00 00 00 00 02 01 00 

*		Instruction type: 0x00
*		Code offset: 0x0027BC
01AC	BC 27 00 00 

*
*	1 REFERENCE(S) TO 16-BIT VAR AT BYTE #32 OF DATA BLOCK %M110
01B0	00 00 6E 00 20 00 00 00 00 02 01 00 

*		Instruction type: 0x00
*		Code offset: 0x0027B8
01BC	B8 27 00 00 

*
*	1 REFERENCE(S) TO 16-BIT VAR AT BYTE #30 OF DATA BLOCK %M110
01C0	00 00 6E 00 1E 00 00 00 00 02 01 00 

*		Instruction type: 0x00
*		Code offset: 0x0027B4
01CC	B4 27 00 00 

*
*	1 REFERENCE(S) TO 16-BIT VAR AT BYTE #28 OF DATA BLOCK %M110
01D0	00 00 6E 00 1C 00 00 00 00 02 01 00 

*		Instruction type: 0x00
*		Code offset: 0x0027B0
01DC	B0 27 00 00 

*
*	1 REFERENCE(S) TO 16-BIT VAR AT BYTE #26 OF DATA BLOCK %M110
01E0	00 00 6E 00 1A 00 00 00 00 02 01 00 

*		Instruction type: 0x00
*		Code offset: 0x0027AC
01EC	AC 27 00 00 

*
*	1 REFERENCE(S) TO 16-BIT VAR AT BYTE #24 OF DATA BLOCK %M110
01F0	00 00 6E 00 18 00 00 00 00 02 01 00 

*		Instruction type: 0x00
*		Code offset: 0x0027A8
01FC	A8 27 00 00 

*
*	1 REFERENCE(S) TO 16-BIT VAR AT BYTE #22 OF DATA BLOCK %M110
0200	00 00 6E 00 16 00 00 00 00 02 01 00 

*		Instruction type: 0x00
*		Code offset: 0x0027A4
020C	A4 27 00 00 

*
*	1 REFERENCE(S) TO 16-BIT VAR AT BYTE #20 OF DATA BLOCK %M110
0210	00 00 6E 00 14 00 00 00 00 02 01 00 

*		Instruction type: 0x00
*		Code offset: 0x0027A0
021C	A0 27 00 00 

*
*	1 REFERENCE(S) TO 8-BIT VAR AT BYTE #3 OF DATA BLOCK %I0
0220	00 00 00 00 03 00 00 00 01 01 01 00 

*		Instruction type: 0x00
*		Code offset: 0x002AE0
022C	E0 2A 00 00 

*
*	1 REFERENCE(S) TO 16-BIT VAR AT BYTE #18 OF DATA BLOCK %I1
0230	00 00 01 00 12 00 00 00 01 02 01 00 

*		Instruction type: 0x00
*		Code offset: 0x002B28
023C	28 2B 00 00 

*
*	1 REFERENCE(S) TO 16-BIT VAR AT BYTE #16 OF DATA BLOCK %I1
0240	00 00 01 00 10 00 00 00 01 02 01 00 

*		Instruction type: 0x00
*		Code offset: 0x002B24
024C	24 2B 00 00 

*
*	1 REFERENCE(S) TO 16-BIT VAR AT BYTE #14 OF DATA BLOCK %I1
0250	00 00 01 00 0E 00 00 00 01 02 01 00 

*		Instruction type: 0x00
*		Code offset: 0x002B20
025C	20 2B 00 00 

*
*	1 REFERENCE(S) TO 16-BIT VAR AT BYTE #12 OF DATA BLOCK %I1
0260	00 00 01 00 0C 00 00 00 01 02 01 00 

*		Instruction type: 0x00
*		Code offset: 0x002B1C
026C	1C 2B 00 00 

*
*	1 REFERENCE(S) TO 16-BIT VAR AT BYTE #10 OF DATA BLOCK %I1
0270	00 00 01 00 0A 00 00 00 01 02 01 00 

*		Instruction type: 0x00
*		Code offset: 0x002B18
027C	18 2B 00 00 

*
*	1 REFERENCE(S) TO 32-BIT VAR AT BYTE #0 OF DATA BLOCK %M0
0280	2C 05 00 00 00 00 00 00 00 04 01 00 

*		Instruction type: 0x00
*		Code offset: 0x0021E4
028C	E4 21 00 00 

*
*	1 REFERENCE(S) TO 16-BIT VAR AT BYTE #0 OF DATA BLOCK %M110
0290	90 3E 6E 00 00 00 00 00 00 02 01 00 

*		Instruction type: 0x00
*		Code offset: 0x002778
029C	78 27 00 00 

*
*	1 REFERENCE(S) TO 8-BIT VAR AT BYTE #6 OF DATA BLOCK %I0
02A0	00 00 00 00 06 00 00 00 01 01 01 00 

*		Instruction type: 0x00
*		Code offset: 0x002AEC
02AC	EC 2A 00 00 

*
*	1 REFERENCE(S) TO 16-BIT VAR AT BYTE #18 OF DATA BLOCK %M110
02B0	00 00 6E 00 12 00 00 00 00 02 01 00 

*		Instruction type: 0x00
*		Code offset: 0x00279C
02BC	9C 27 00 00 

*
*	1 REFERENCE(S) TO 16-BIT VAR AT BYTE #16 OF DATA BLOCK %M110
02C0	00 00 6E 00 10 00 00 00 00 02 01 00 

*		Instruction type: 0x00
*		Code offset: 0x002798
02CC	98 27 00 00 

*
*	1 REFERENCE(S) TO 16-BIT VAR AT BYTE #14 OF DATA BLOCK %M110
02D0	00 00 6E 00 0E 00 00 00 00 02 01 00 

*		Instruction type: 0x00
*		Code offset: 0x002794
02DC	94 27 00 00 

*
*	1 REFERENCE(S) TO 16-BIT VAR AT BYTE #12 OF DATA BLOCK %M110
02E0	00 00 6E 00 0C 00 00 00 00 02 01 00 

*		Instruction type: 0x00
*		Code offset: 0x002790
02EC	90 27 00 00 

*
*	1 REFERENCE(S) TO 16-BIT VAR AT BYTE #10 OF DATA BLOCK %M110
02F0	00 00 6E 00 0A 00 00 00 00 02 01 00 

*		Instruction type: 0x00
*		Code offset: 0x00278C
02FC	8C 27 00 00 

*
*	1 REFERENCE(S) TO 16-BIT VAR AT BYTE #4 OF DATA BLOCK %M110
0300	00 00 6E 00 04 00 00 00 00 02 01 00 

*		Instruction type: 0x00
*		Code offset: 0x002780
030C	80 27 00 00 

*
*	1 REFERENCE(S) TO 8-BIT VAR AT BYTE #5 OF DATA BLOCK %I0
0310	00 00 00 00 05 00 00 00 01 01 01 00 

*		Instruction type: 0x00
*		Code offset: 0x002AE8
031C	E8 2A 00 00 

*
*	1 REFERENCE(S) TO 8-BIT VAR AT BYTE #2 OF DATA BLOCK %I0
0320	00 00 00 00 02 00 00 00 01 01 01 00 

*		Instruction type: 0x00
*		Code offset: 0x002ADC
032C	DC 2A 00 00 


***************************************************
	 FUNCTION PATCHES
***************************************************

NAME: UDINT_TO_REAL  - NUM: 1
	 Patch - TYPE: 0x0 - CODE OFFSET: 0x002868

NAME: SYSDBASE_SETEXTTABLE  - NUM: 1
	 Patch - TYPE: 0x0 - CODE OFFSET: 0x002240

NAME: REAL_TO_DINT  - NUM: 1
	 Patch - TYPE: 0x0 - CODE OFFSET: 0x002870

NAME: DINT_TO_REAL  - NUM: 1
	 Patch - TYPE: 0x0 - CODE OFFSET: 0x00286C

NAME: DIV_REAL  - NUM: 1
	 Patch - TYPE: 0x0 - CODE OFFSET: 0x002874
